Using pre-set license
Built from '2021.2/staging' branch; Version is '2021.2.13f1 (90b6766da538) revision 9483894'; Using compiler version '192829333'; Build Type 'Release'
OS: 'Windows 11  (10.0.22631) 64bit Core' Language: 'ko' Physical Memory: 16057 MB
BatchMode: 1, IsHumanControllingUs: 0, StartBugReporterOnCrash: 0, Is64bit: 1, IsPro: 1

COMMAND LINE ARGUMENTS:
C:\Program Files\Unity\Hub\Editor\2021.2.13f1-x86_64\Editor\Unity.exe
-adb2
-batchMode
-noUpm
-name
AssetImportWorker6
-projectPath
C:/Users/minzo/OneDrive/바탕 화면/HealingTogether/HealingTogether
-logFile
Logs/AssetImportWorker6.log
-srvPort
58132
Successfully changed project path to: C:/Users/minzo/OneDrive/바탕 화면/HealingTogether/HealingTogether
C:/Users/minzo/OneDrive/바탕 화면/HealingTogether/HealingTogether
[UnityMemory] Configuration Parameters - Can be set up in boot.config
    "memorysetup-bucket-allocator-granularity=16"
    "memorysetup-bucket-allocator-bucket-count=8"
    "memorysetup-bucket-allocator-block-size=33554432"
    "memorysetup-bucket-allocator-block-count=8"
    "memorysetup-main-allocator-block-size=16777216"
    "memorysetup-thread-allocator-block-size=16777216"
    "memorysetup-gfx-main-allocator-block-size=16777216"
    "memorysetup-gfx-thread-allocator-block-size=16777216"
    "memorysetup-cache-allocator-block-size=4194304"
    "memorysetup-typetree-allocator-block-size=2097152"
    "memorysetup-profiler-bucket-allocator-granularity=16"
    "memorysetup-profiler-bucket-allocator-bucket-count=8"
    "memorysetup-profiler-bucket-allocator-block-size=33554432"
    "memorysetup-profiler-bucket-allocator-block-count=8"
    "memorysetup-profiler-allocator-block-size=16777216"
    "memorysetup-profiler-editor-allocator-block-size=1048576"
    "memorysetup-temp-allocator-size-main=16777216"
    "memorysetup-job-temp-allocator-block-size=2097152"
    "memorysetup-job-temp-allocator-block-size-background=1048576"
    "memorysetup-job-temp-allocator-reduction-small-platforms=262144"
    "memorysetup-temp-allocator-size-background-worker=32768"
    "memorysetup-temp-allocator-size-job-worker=262144"
    "memorysetup-temp-allocator-size-preload-manager=33554432"
    "memorysetup-temp-allocator-size-nav-mesh-worker=65536"
    "memorysetup-temp-allocator-size-audio-worker=65536"
    "memorysetup-temp-allocator-size-cloud-worker=32768"
    "memorysetup-temp-allocator-size-gi-baking-worker=262144"
    "memorysetup-temp-allocator-size-gfx=262144"
Refreshing native plugins compatible for Editor in 165.00 ms, found 6 plugins.
Preloading 1 native plugins for Editor in 1.79 ms.
Initialize engine version: 2021.2.13f1 (90b6766da538)
[Subsystems] Discovering subsystems at path C:/Program Files/Unity/Hub/Editor/2021.2.13f1-x86_64/Editor/Data/Resources/UnitySubsystems
[Subsystems] Discovering subsystems at path C:/Users/minzo/OneDrive/바탕 화면/HealingTogether/HealingTogether/Assets
GfxDevice: creating device client; threaded=0; jobified=0
Direct3D:
    Version:  Direct3D 11.0 [level 11.1]
    Renderer: Intel(R) Iris(R) Xe Graphics (ID=0x9a49)
    Vendor:   Intel
    VRAM:     8028 MB
    Driver:   30.0.101.2079
Initialize mono
Mono path[0] = 'C:/Program Files/Unity/Hub/Editor/2021.2.13f1-x86_64/Editor/Data/Managed'
Mono path[1] = 'C:/Program Files/Unity/Hub/Editor/2021.2.13f1-x86_64/Editor/Data/MonoBleedingEdge/lib/mono/unityjit-win32'
Mono config path = 'C:/Program Files/Unity/Hub/Editor/2021.2.13f1-x86_64/Editor/Data/MonoBleedingEdge/etc'
Using monoOptions --debugger-agent=transport=dt_socket,embedding=1,server=y,suspend=n,address=127.0.0.1:56352
Begin MonoManager ReloadAssembly
Registering precompiled unity dll's ...
Register platform support module: C:/Program Files/Unity/Hub/Editor/2021.2.13f1-x86_64/Editor/Data/PlaybackEngines/WebGLSupport/UnityEditor.WebGL.Extensions.dll
Register platform support module: C:/Program Files/Unity/Hub/Editor/2021.2.13f1-x86_64/Editor/Data/PlaybackEngines/AndroidPlayer/UnityEditor.Android.Extensions.dll
Register platform support module: C:/Program Files/Unity/Hub/Editor/2021.2.13f1-x86_64/Editor/Data/PlaybackEngines/WindowsStandaloneSupport/UnityEditor.WindowsStandalone.Extensions.dll
Registered in 0.014954 seconds.
Native extension for WindowsStandalone target not found
Native extension for Android target not found
Native extension for WebGL target not found
Refreshing native plugins compatible for Editor in 130.83 ms, found 6 plugins.
Preloading 1 native plugins for Editor in 0.15 ms.
Mono: successfully reloaded assembly
- Completed reload, in  0.888 seconds
Domain Reload Profiling:
	ReloadAssembly (889ms)
		BeginReloadAssembly (96ms)
			ExecutionOrderSort (0ms)
			DisableScriptedObjects (0ms)
			BackupInstance (0ms)
			ReleaseScriptingObjects (0ms)
			CreateAndSetChildDomain (1ms)
		EndReloadAssembly (638ms)
			LoadAssemblies (93ms)
			RebuildTransferFunctionScriptingTraits (0ms)
			SetupTypeCache (130ms)
			ReleaseScriptCaches (0ms)
			RebuildScriptCaches (31ms)
			SetupLoadedEditorAssemblies (410ms)
				LogAssemblyErrors (0ms)
				InitializePlatformSupportModulesInManaged (66ms)
				SetLoadedEditorAssemblies (0ms)
				RefreshPlugins (131ms)
				BeforeProcessingInitializeOnLoad (1ms)
				ProcessInitializeOnLoadAttributes (139ms)
				ProcessInitializeOnLoadMethodAttributes (72ms)
				AfterProcessingInitializeOnLoad (0ms)
				EditorAssembliesLoaded (0ms)
			ExecutionOrderSort2 (0ms)
			AwakeInstancesAfterBackupRestoration (0ms)
Platform modules already initialized, skipping
Registering precompiled user dll's ...
Registered in 0.017305 seconds.
Begin MonoManager ReloadAssembly
Symbol file LoadedFromMemory doesn't match image C:\Users\minzo\OneDrive\바탕 화면\HealingTogether\HealingTogether\Library\PackageCache\com.unity.visualscripting@1.7.6\Editor\VisualScripting.Core\Dependencies\YamlDotNet\Unity.VisualScripting.YamlDotNet.dll
Symbol file LoadedFromMemory doesn't match image C:\Users\minzo\OneDrive\바탕 화면\HealingTogether\HealingTogether\Library\PackageCache\com.unity.visualscripting@1.7.6\Editor\VisualScripting.Core\Dependencies\DotNetZip\Unity.VisualScripting.IonicZip.dll
Native extension for WindowsStandalone target not found
Native extension for Android target not found
Native extension for WebGL target not found
Refreshing native plugins compatible for Editor in 213.01 ms, found 6 plugins.
Preloading 1 native plugins for Editor in 0.18 ms.
Package Manager log level set to [2]
System.Reflection.TargetInvocationException: Exception has been thrown by the target of an invocation. ---> System.NullReferenceException: Object reference not set to an instance of an object
  at Unity.XR.Oculus.OculusLoader.AssetPathToAbsolutePath (System.String assetPath) [0x0003d] in C:\Users\minzo\OneDrive\바탕 화면\HealingTogether\HealingTogether\Library\PackageCache\com.unity.xr.oculus@1.11.2\Runtime\OculusLoader.cs:250 
  at Unity.XR.Oculus.OculusLoader.EditorLoadOVRPlugin () [0x0007b] in C:\Users\minzo\OneDrive\바탕 화면\HealingTogether\HealingTogether\Library\PackageCache\com.unity.xr.oculus@1.11.2\Runtime\OculusLoader.cs:235 
  at (wrapper managed-to-native) System.Reflection.RuntimeMethodInfo.InternalInvoke(System.Reflection.RuntimeMethodInfo,object,object[],System.Exception&)
  at System.Reflection.RuntimeMethodInfo.Invoke (System.Object obj, System.Reflection.BindingFlags invokeAttr, System.Reflection.Binder binder, System.Object[] parameters, System.Globalization.CultureInfo culture) [0x0006a] in <7b935204f5ff4bcab44b3b0ebca330bf>:0 
   --- End of inner exception stack trace ---
  at System.Reflection.RuntimeMethodInfo.Invoke (System.Object obj, System.Reflection.BindingFlags invokeAttr, System.Reflection.Binder binder, System.Object[] parameters, System.Globalization.CultureInfo culture) [0x00083] in <7b935204f5ff4bcab44b3b0ebca330bf>:0 
  at System.Reflection.MethodBase.Invoke (System.Object obj, System.Object[] parameters) [0x00000] in <7b935204f5ff4bcab44b3b0ebca330bf>:0 
  at UnityEditor.EditorAssemblies.ProcessInitializeOnLoadMethodAttributes () [0x000a5] in <db8aad8fcedd4e11ba6ba696cb8802a7>:0 
UnityEngine.StackTraceUtility:ExtractStackTrace ()
UnityEngine.DebugLogHandler:LogFormat (UnityEngine.LogType,UnityEngine.Object,string,object[])
UnityEngine.Logger:Log (UnityEngine.LogType,object)
UnityEngine.Debug:LogError (object)
UnityEditor.EditorAssemblies:ProcessInitializeOnLoadMethodAttributes ()

Mono: successfully reloaded assembly
- Completed reload, in  6.365 seconds
Domain Reload Profiling:
	ReloadAssembly (6366ms)
		BeginReloadAssembly (276ms)
			ExecutionOrderSort (0ms)
			DisableScriptedObjects (7ms)
			BackupInstance (0ms)
			ReleaseScriptingObjects (0ms)
			CreateAndSetChildDomain (144ms)
		EndReloadAssembly (5931ms)
			LoadAssemblies (138ms)
			RebuildTransferFunctionScriptingTraits (0ms)
			SetupTypeCache (474ms)
			ReleaseScriptCaches (2ms)
			RebuildScriptCaches (132ms)
			SetupLoadedEditorAssemblies (5069ms)
				LogAssemblyErrors (0ms)
				InitializePlatformSupportModulesInManaged (38ms)
				SetLoadedEditorAssemblies (1ms)
				RefreshPlugins (213ms)
				BeforeProcessingInitializeOnLoad (258ms)
				ProcessInitializeOnLoadAttributes (2642ms)
				ProcessInitializeOnLoadMethodAttributes (1874ms)
				AfterProcessingInitializeOnLoad (42ms)
				EditorAssembliesLoaded (0ms)
			ExecutionOrderSort2 (0ms)
			AwakeInstancesAfterBackupRestoration (22ms)
Platform modules already initialized, skipping
========================================================================
Worker process is ready to serve import requests
Launched and connected shader compiler UnityShaderCompiler.exe after 0.11 seconds
Refreshing native plugins compatible for Editor in 1.03 ms, found 6 plugins.
Preloading 1 native plugins for Editor in 0.17 ms.
Unloading 5916 Unused Serialized files (Serialized files now loaded: 0)
Unloading 36 unused Assets / (0.7 MB). Loaded Objects now: 6373.
Memory consumption went from 231.8 MB to 231.1 MB.
Total: 9.286500 ms (FindLiveObjects: 0.747000 ms CreateObjectMapping: 0.932100 ms MarkObjects: 7.067200 ms  DeleteObjects: 0.537800 ms)

AssetImportParameters requested are different than current active one (requested -> active):
  custom:video-decoder-ogg-theora: a1e56fd34408186e4bbccfd4996cb3dc -> 
  custom:container-muxer-webm: aa71ff27fc2769a1b78a27578f13a17b -> 
  custom:container-demuxer-webm: 4f35f7cbe854078d1ac9338744f61a02 -> 
  custom:video-encoder-webm-vp8: eb34c28f22e8b96e1ab97ce403110664 -> 
  custom:video-codec-MediaFoundation-h265: 746d11721c4dcdbdad8f713fa42b33f4 -> 
  custom:audio-encoder-webm-vorbis: bf7c407c2cedff20999df2af8eb42d56 -> 
  custom:framework-win-MediaFoundation: 216162199b28c13a410421893ffa2e32 -> 
  custom:container-demuxer-ogg: 62fdf1f143b41e24485cea50d1cbac27 -> 
  custom:video-decoder-webm-vp8: 9c59270c3fd7afecdb556c50c9e8de78 -> 
  custom:audio-decoder-ogg-vorbis: bf7c407c2cedff20999df2af8eb42d56 -> 
========================================================================
Received Import Request.
  Time since last request: 1278882.174901 seconds.
  path: Assets/Tutorial+Resources.gz
  artifactKey: Guid(770ac13d88abc374ca1a9fa6233a82d1) Importer(815301076,1909f56bfc062723c751e8b465ee728b)
Start importing Assets/Tutorial+Resources.gz using Guid(770ac13d88abc374ca1a9fa6233a82d1) Importer(815301076,1909f56bfc062723c751e8b465ee728b)  -> (artifact id: 'f8503079f459aa7fab9490821f687564') in 0.073894 seconds 
========================================================================
Received Import Request.
  Time since last request: 40.997852 seconds.
  path: Assets
  artifactKey: Guid(00000000000000001000000000000000) Importer(815301076,1909f56bfc062723c751e8b465ee728b)
Start importing Assets using Guid(00000000000000001000000000000000) Importer(815301076,1909f56bfc062723c751e8b465ee728b)  -> (artifact id: '79842766b460edbeab6a34051e857a80') in 0.014415 seconds 
========================================================================
Received Import Request.
  Time since last request: 8.446216 seconds.
  path: Assets/Tutorial
  artifactKey: Guid(02fb8616cef10db41b0eee0c66cb524d) Importer(815301076,1909f56bfc062723c751e8b465ee728b)
Start importing Assets/Tutorial using Guid(02fb8616cef10db41b0eee0c66cb524d) Importer(815301076,1909f56bfc062723c751e8b465ee728b)  -> (artifact id: 'e13104af9ae2f6da965c6610ddda4242') in 0.013212 seconds 
========================================================================
Received Import Request.
  Time since last request: 22.129110 seconds.
  path: Assets/Tutorial/Audios
  artifactKey: Guid(b22187fea6f940544b88bea9474e46ca) Importer(815301076,1909f56bfc062723c751e8b465ee728b)
Start importing Assets/Tutorial/Audios using Guid(b22187fea6f940544b88bea9474e46ca) Importer(815301076,1909f56bfc062723c751e8b465ee728b)  -> (artifact id: 'f554b6f8afe85fb8249653fcda355829') in 0.012532 seconds 
========================================================================
Received Import Request.
  Time since last request: 6.337068 seconds.
  path: Assets/Tutorial/Fonts
  artifactKey: Guid(72e126471eaa13e41b92d62f235c99af) Importer(815301076,1909f56bfc062723c751e8b465ee728b)
Start importing Assets/Tutorial/Fonts using Guid(72e126471eaa13e41b92d62f235c99af) Importer(815301076,1909f56bfc062723c751e8b465ee728b)  -> (artifact id: '7cd81a26e97f8e5d2be719b01b8bbfbf') in 0.014505 seconds 
========================================================================
Received Import Request.
  Time since last request: 9.892971 seconds.
  path: Assets/Tutorial/Metarials
  artifactKey: Guid(399b5901d05252f4493b2a3632dc70f7) Importer(815301076,1909f56bfc062723c751e8b465ee728b)
Start importing Assets/Tutorial/Metarials using Guid(399b5901d05252f4493b2a3632dc70f7) Importer(815301076,1909f56bfc062723c751e8b465ee728b)  -> (artifact id: 'bab7397773ed5f10f14243079c9f9d67') in 0.014124 seconds 
========================================================================
Received Import Request.
  Time since last request: 17.868146 seconds.
  path: Assets/Tutorial/Models
  artifactKey: Guid(408aaaff01715eb41b8f39ab1a5abeef) Importer(815301076,1909f56bfc062723c751e8b465ee728b)
Start importing Assets/Tutorial/Models using Guid(408aaaff01715eb41b8f39ab1a5abeef) Importer(815301076,1909f56bfc062723c751e8b465ee728b)  -> (artifact id: 'c9311a8bc7c94df8cdab301313681a2d') in 0.012213 seconds 
========================================================================
Received Import Request.
  Time since last request: 7.019879 seconds.
  path: Assets/Tutorial/Others
  artifactKey: Guid(a945eb8ff01d8b1499415ba17d880166) Importer(815301076,1909f56bfc062723c751e8b465ee728b)
Start importing Assets/Tutorial/Others using Guid(a945eb8ff01d8b1499415ba17d880166) Importer(815301076,1909f56bfc062723c751e8b465ee728b)  -> (artifact id: '9e121887fcbe97ca2e6eb99ec70e9187') in 0.011805 seconds 
========================================================================
Received Import Request.
  Time since last request: 8.470346 seconds.
  path: Assets/Tutorial/Prefabs
  artifactKey: Guid(02a6a3a2b149a6a43ac40da5f359a777) Importer(815301076,1909f56bfc062723c751e8b465ee728b)
Start importing Assets/Tutorial/Prefabs using Guid(02a6a3a2b149a6a43ac40da5f359a777) Importer(815301076,1909f56bfc062723c751e8b465ee728b)  -> (artifact id: '4925869b6033a21087c1ff9f0fd42102') in 0.014512 seconds 
========================================================================
Received Import Request.
  Time since last request: 22.204899 seconds.
  path: Assets/Tutorial/Audios/BGM
  artifactKey: Guid(f659f1b218c9cce43a7a8c31a3990c00) Importer(815301076,1909f56bfc062723c751e8b465ee728b)
Start importing Assets/Tutorial/Audios/BGM using Guid(f659f1b218c9cce43a7a8c31a3990c00) Importer(815301076,1909f56bfc062723c751e8b465ee728b)  -> (artifact id: '81dad2fd6e15f32c3f74e3f2c3ff3739') in 0.012300 seconds 
========================================================================
Received Import Request.
  Time since last request: 6.423508 seconds.
  path: Assets/Tutorial/Audios/Core
  artifactKey: Guid(e85eeef020bb64544b3d10a0a8463dba) Importer(815301076,1909f56bfc062723c751e8b465ee728b)
Start importing Assets/Tutorial/Audios/Core using Guid(e85eeef020bb64544b3d10a0a8463dba) Importer(815301076,1909f56bfc062723c751e8b465ee728b)  -> (artifact id: 'a7706c52917a2622f5d8f5245159a587') in 0.015143 seconds 
========================================================================
Received Import Request.
  Time since last request: 8.371578 seconds.
  path: Assets/Tutorial/Audios/Gun
  artifactKey: Guid(37ce499ff73e1dc458652412490d25cb) Importer(815301076,1909f56bfc062723c751e8b465ee728b)
Start importing Assets/Tutorial/Audios/Gun using Guid(37ce499ff73e1dc458652412490d25cb) Importer(815301076,1909f56bfc062723c751e8b465ee728b)  -> (artifact id: '7a3adb99602ff8ee995ef7024825fb3f') in 0.013644 seconds 
========================================================================
Received Import Request.
  Time since last request: 14.855347 seconds.
  path: Assets/Tutorial/Audios/Mob
  artifactKey: Guid(929fc3df35da35d4f9e3cc87e18677de) Importer(815301076,1909f56bfc062723c751e8b465ee728b)
Start importing Assets/Tutorial/Audios/Mob using Guid(929fc3df35da35d4f9e3cc87e18677de) Importer(815301076,1909f56bfc062723c751e8b465ee728b)  -> (artifact id: '8adeba4056e06a96b1e48d901da24a7e') in 0.015040 seconds 
========================================================================
Received Import Request.
  Time since last request: 8.309968 seconds.
  path: Assets/Tutorial/Audios/Teleportation
  artifactKey: Guid(8557dfa8593515f48b0963a49b67b98d) Importer(815301076,1909f56bfc062723c751e8b465ee728b)
Start importing Assets/Tutorial/Audios/Teleportation using Guid(8557dfa8593515f48b0963a49b67b98d) Importer(815301076,1909f56bfc062723c751e8b465ee728b)  -> (artifact id: 'f9701717787de3afcd7fe98b415c93a4') in 0.014427 seconds 
========================================================================
Received Import Request.
  Time since last request: 141.004048 seconds.
  path: Assets/Tutorial/Fonts/Fonts
  artifactKey: Guid(bfc957ff24e8815489ee3fb8b2df0211) Importer(815301076,1909f56bfc062723c751e8b465ee728b)
Start importing Assets/Tutorial/Fonts/Fonts using Guid(bfc957ff24e8815489ee3fb8b2df0211) Importer(815301076,1909f56bfc062723c751e8b465ee728b)  -> (artifact id: '0d5d357ed35d5e3e72d35423286ef00c') in 0.004442 seconds 
========================================================================
Received Import Request.
  Time since last request: 83.324687 seconds.
  path: Assets/Tutorial/Metarials/Entity
  artifactKey: Guid(c7b51d727846db14b8b70df9f6315165) Importer(815301076,1909f56bfc062723c751e8b465ee728b)
Start importing Assets/Tutorial/Metarials/Entity using Guid(c7b51d727846db14b8b70df9f6315165) Importer(815301076,1909f56bfc062723c751e8b465ee728b)  -> (artifact id: '5346e9c642ccf70d2d8cb534ffb3e520') in 0.013055 seconds 
========================================================================
Received Import Request.
  Time since last request: 8.711212 seconds.
  path: Assets/Tutorial/Metarials/Environment
  artifactKey: Guid(281b1eb3c3260044ba0954eab607a10f) Importer(815301076,1909f56bfc062723c751e8b465ee728b)
Start importing Assets/Tutorial/Metarials/Environment using Guid(281b1eb3c3260044ba0954eab607a10f) Importer(815301076,1909f56bfc062723c751e8b465ee728b)  -> (artifact id: '11127e777baa397da118348f673abaea') in 0.012943 seconds 
========================================================================
Received Import Request.
  Time since last request: 9.284921 seconds.
  path: Assets/Tutorial/Metarials/Mob
  artifactKey: Guid(2228bdb7d7f48e342b9354c9b4eed7cd) Importer(815301076,1909f56bfc062723c751e8b465ee728b)
Start importing Assets/Tutorial/Metarials/Mob using Guid(2228bdb7d7f48e342b9354c9b4eed7cd) Importer(815301076,1909f56bfc062723c751e8b465ee728b)  -> (artifact id: '5b52e93cedaff00ab12e37a3daa3606b') in 0.003690 seconds 
========================================================================
Received Import Request.
  Time since last request: 6.599918 seconds.
  path: Assets/Tutorial/Metarials/Mob/New Folder
  artifactKey: Guid(83de02d1d0505f14db4b02562573c7a4) Importer(815301076,1909f56bfc062723c751e8b465ee728b)
Start importing Assets/Tutorial/Metarials/Mob/New Folder using Guid(83de02d1d0505f14db4b02562573c7a4) Importer(815301076,1909f56bfc062723c751e8b465ee728b)  -> (artifact id: 'a7baa575d3e4f2314b58ad6af34d1b5b') in 0.013281 seconds 
========================================================================
Received Import Request.
  Time since last request: 10.084425 seconds.
  path: Assets/Tutorial/Metarials/Teleport Anchor
  artifactKey: Guid(4fba858ca23a070469587008c94ec4b0) Importer(815301076,1909f56bfc062723c751e8b465ee728b)
Start importing Assets/Tutorial/Metarials/Teleport Anchor using Guid(4fba858ca23a070469587008c94ec4b0) Importer(815301076,1909f56bfc062723c751e8b465ee728b)  -> (artifact id: 'e1586b6e240bde4a1a99da9339b23306') in 0.012399 seconds 
========================================================================
Received Import Request.
  Time since last request: 57.237026 seconds.
  path: Assets/Tutorial/Metarials/Weapons(variety nutritional supplements)
  artifactKey: Guid(ba9b54b528524bc48958969425bfcb82) Importer(815301076,1909f56bfc062723c751e8b465ee728b)
Start importing Assets/Tutorial/Metarials/Weapons(variety nutritional supplements) using Guid(ba9b54b528524bc48958969425bfcb82) Importer(815301076,1909f56bfc062723c751e8b465ee728b)  -> (artifact id: '3c955b60019bf2834f3a806da38cc76a') in 0.015052 seconds 
========================================================================
Received Import Request.
  Time since last request: 27.695132 seconds.
  path: Assets/Tutorial/Metarials/Entity(Pest)
  artifactKey: Guid(c7b51d727846db14b8b70df9f6315165) Importer(815301076,1909f56bfc062723c751e8b465ee728b)
Start importing Assets/Tutorial/Metarials/Entity(Pest) using Guid(c7b51d727846db14b8b70df9f6315165) Importer(815301076,1909f56bfc062723c751e8b465ee728b)  -> (artifact id: 'fadd82a9e215da52dfb31bd61bb17e11') in 0.013738 seconds 
========================================================================
Received Import Request.
  Time since last request: 30.953738 seconds.
  path: Assets/Tutorial/Models/Controller
  artifactKey: Guid(31fa4143330fff04abafe14bf485da95) Importer(815301076,1909f56bfc062723c751e8b465ee728b)
Start importing Assets/Tutorial/Models/Controller using Guid(31fa4143330fff04abafe14bf485da95) Importer(815301076,1909f56bfc062723c751e8b465ee728b)  -> (artifact id: 'e29fe6fc4e173b60ae2b559f3e433910') in 0.013092 seconds 
========================================================================
Received Import Request.
  Time since last request: 13.936299 seconds.
  path: Assets/Tutorial/Models/Environment
  artifactKey: Guid(337d011a19f0f35429f92ef5fdfebfee) Importer(815301076,1909f56bfc062723c751e8b465ee728b)
Start importing Assets/Tutorial/Models/Environment using Guid(337d011a19f0f35429f92ef5fdfebfee) Importer(815301076,1909f56bfc062723c751e8b465ee728b)  -> (artifact id: '8cd1dcf698a07088e1f1000b365fbdec') in 0.003999 seconds 
========================================================================
Received Import Request.
  Time since last request: 9.561027 seconds.
  path: Assets/Tutorial/Models/Mob
  artifactKey: Guid(5dbcd370bbe8baa4599b48ed652dff43) Importer(815301076,1909f56bfc062723c751e8b465ee728b)
Start importing Assets/Tutorial/Models/Mob using Guid(5dbcd370bbe8baa4599b48ed652dff43) Importer(815301076,1909f56bfc062723c751e8b465ee728b)  -> (artifact id: 'c7c9b633d9c72e810e1b5d2f20c34ab7') in 0.003729 seconds 
========================================================================
Received Import Request.
  Time since last request: 10.248123 seconds.
  path: Assets/Tutorial/Models/Teleportaion Anchor
  artifactKey: Guid(f1470aa7e6e16d245966ab34e2b4c9b1) Importer(815301076,1909f56bfc062723c751e8b465ee728b)
Start importing Assets/Tutorial/Models/Teleportaion Anchor using Guid(f1470aa7e6e16d245966ab34e2b4c9b1) Importer(815301076,1909f56bfc062723c751e8b465ee728b)  -> (artifact id: 'cc84be39174f822561b3dd62c5b909de') in 0.011998 seconds 
========================================================================
Received Import Request.
  Time since last request: 17.520687 seconds.
  path: Assets/Tutorial/Models/Weapons(nutritios)
  artifactKey: Guid(5d0b8409c5b6599489ab6bdf0100ca22) Importer(815301076,1909f56bfc062723c751e8b465ee728b)
Start importing Assets/Tutorial/Models/Weapons(nutritios) using Guid(5d0b8409c5b6599489ab6bdf0100ca22) Importer(815301076,1909f56bfc062723c751e8b465ee728b)  -> (artifact id: '4fd1879e4e2b4a8de7011fc5f9a18456') in 0.013264 seconds 
========================================================================
Received Import Request.
  Time since last request: 117.029498 seconds.
  path: Assets/Tutorial/Others/Skybox
  artifactKey: Guid(ae2d9e92832dacc4485ed1bf7e1dd4d1) Importer(815301076,1909f56bfc062723c751e8b465ee728b)
Start importing Assets/Tutorial/Others/Skybox using Guid(ae2d9e92832dacc4485ed1bf7e1dd4d1) Importer(815301076,1909f56bfc062723c751e8b465ee728b)  -> (artifact id: 'eebb70db2b49d1a6066c0893c5b842f7') in 0.012319 seconds 
========================================================================
Received Import Request.
  Time since last request: 28.018326 seconds.
  path: Assets/Tutorial/Prefabs/Controller
  artifactKey: Guid(709e15dca1698314fa7a974eaaad9997) Importer(815301076,1909f56bfc062723c751e8b465ee728b)
Start importing Assets/Tutorial/Prefabs/Controller using Guid(709e15dca1698314fa7a974eaaad9997) Importer(815301076,1909f56bfc062723c751e8b465ee728b)  -> (artifact id: '21807f18c02288539ad700b6bc818801') in 0.004414 seconds 
========================================================================
Received Import Request.
  Time since last request: 11.124784 seconds.
  path: Assets/Tutorial/Prefabs/Environment
  artifactKey: Guid(e4a9d2c8c7252fe4b9d9e48b93eb4716) Importer(815301076,1909f56bfc062723c751e8b465ee728b)
Start importing Assets/Tutorial/Prefabs/Environment using Guid(e4a9d2c8c7252fe4b9d9e48b93eb4716) Importer(815301076,1909f56bfc062723c751e8b465ee728b)  -> (artifact id: 'b062244afc92abcbdda86620684771e4') in 0.003613 seconds 
========================================================================
Received Import Request.
  Time since last request: 6.169017 seconds.
  path: Assets/Tutorial/Prefabs/Mob
  artifactKey: Guid(7999630b74c500441be9cb473585dbb5) Importer(815301076,1909f56bfc062723c751e8b465ee728b)
Start importing Assets/Tutorial/Prefabs/Mob using Guid(7999630b74c500441be9cb473585dbb5) Importer(815301076,1909f56bfc062723c751e8b465ee728b)  -> (artifact id: '5d0f4990213f25719cbb8544b1188ac8') in 0.003883 seconds 
========================================================================
Received Import Request.
  Time since last request: 8.655336 seconds.
  path: Assets/Tutorial/Prefabs/Teleportaion Anchor
  artifactKey: Guid(595bf29c82c65dc4c93dd9ba942e089f) Importer(815301076,1909f56bfc062723c751e8b465ee728b)
Start importing Assets/Tutorial/Prefabs/Teleportaion Anchor using Guid(595bf29c82c65dc4c93dd9ba942e089f) Importer(815301076,1909f56bfc062723c751e8b465ee728b)  -> (artifact id: '52815a3cae34bd2a0d16a46fa4bb66f0') in 0.003550 seconds 
========================================================================
Received Import Request.
  Time since last request: 6.665348 seconds.
  path: Assets/Tutorial/Prefabs/UI
  artifactKey: Guid(17c6ea457b683ea43be8fb55948375d1) Importer(815301076,1909f56bfc062723c751e8b465ee728b)
Start importing Assets/Tutorial/Prefabs/UI using Guid(17c6ea457b683ea43be8fb55948375d1) Importer(815301076,1909f56bfc062723c751e8b465ee728b)  -> (artifact id: '4f9b519f25a108b1dfcf16199e971e66') in 0.012982 seconds 
========================================================================
Received Import Request.
  Time since last request: 22.154745 seconds.
  path: Assets/Tutorial/Prefabs/Weapon(Nutriti)
  artifactKey: Guid(11997633597593b47a2d364bb21837af) Importer(815301076,1909f56bfc062723c751e8b465ee728b)
Start importing Assets/Tutorial/Prefabs/Weapon(Nutriti) using Guid(11997633597593b47a2d364bb21837af) Importer(815301076,1909f56bfc062723c751e8b465ee728b)  -> (artifact id: '32fa860796dfb86b1b061fcfb0c23738') in 0.013428 seconds 
========================================================================
Received Import Request.
  Time since last request: 727.251841 seconds.
  path: ProjectSettings/TagManager.asset
  artifactKey: Guid(00000000000000003000000000000000) Importer(815301076,1909f56bfc062723c751e8b465ee728b)
Start importing ProjectSettings/TagManager.asset using Guid(00000000000000003000000000000000) Importer(815301076,1909f56bfc062723c751e8b465ee728b)  -> (artifact id: '5f74b9f0782f3ffe8a654b2b60a9f33c') in 0.041895 seconds 
========================================================================
Received Prepare
Registering precompiled user dll's ...
Registered in 0.017296 seconds.
Begin MonoManager ReloadAssembly
Symbol file LoadedFromMemory doesn't match image C:\Users\minzo\OneDrive\바탕 화면\HealingTogether\HealingTogether\Library\PackageCache\com.unity.visualscripting@1.7.6\Editor\VisualScripting.Core\Dependencies\YamlDotNet\Unity.VisualScripting.YamlDotNet.dll
Symbol file LoadedFromMemory doesn't match image C:\Users\minzo\OneDrive\바탕 화면\HealingTogether\HealingTogether\Library\PackageCache\com.unity.visualscripting@1.7.6\Editor\VisualScripting.Core\Dependencies\DotNetZip\Unity.VisualScripting.IonicZip.dll
Native extension for WindowsStandalone target not found
Native extension for Android target not found
Native extension for WebGL target not found
Refreshing native plugins compatible for Editor in 1.86 ms, found 6 plugins.
Preloading 1 native plugins for Editor in 0.23 ms.
System.Reflection.TargetInvocationException: Exception has been thrown by the target of an invocation. ---> System.NullReferenceException: Object reference not set to an instance of an object
  at Unity.XR.Oculus.OculusLoader.AssetPathToAbsolutePath (System.String assetPath) [0x0003d] in C:\Users\minzo\OneDrive\바탕 화면\HealingTogether\HealingTogether\Library\PackageCache\com.unity.xr.oculus@1.11.2\Runtime\OculusLoader.cs:250 
  at Unity.XR.Oculus.OculusLoader.EditorLoadOVRPlugin () [0x0007b] in C:\Users\minzo\OneDrive\바탕 화면\HealingTogether\HealingTogether\Library\PackageCache\com.unity.xr.oculus@1.11.2\Runtime\OculusLoader.cs:235 
  at (wrapper managed-to-native) System.Reflection.RuntimeMethodInfo.InternalInvoke(System.Reflection.RuntimeMethodInfo,object,object[],System.Exception&)
  at System.Reflection.RuntimeMethodInfo.Invoke (System.Object obj, System.Reflection.BindingFlags invokeAttr, System.Reflection.Binder binder, System.Object[] parameters, System.Globalization.CultureInfo culture) [0x0006a] in <7b935204f5ff4bcab44b3b0ebca330bf>:0 
   --- End of inner exception stack trace ---
  at System.Reflection.RuntimeMethodInfo.Invoke (System.Object obj, System.Reflection.BindingFlags invokeAttr, System.Reflection.Binder binder, System.Object[] parameters, System.Globalization.CultureInfo culture) [0x00083] in <7b935204f5ff4bcab44b3b0ebca330bf>:0 
  at System.Reflection.MethodBase.Invoke (System.Object obj, System.Object[] parameters) [0x00000] in <7b935204f5ff4bcab44b3b0ebca330bf>:0 
  at UnityEditor.EditorAssemblies.ProcessInitializeOnLoadMethodAttributes () [0x000a5] in <db8aad8fcedd4e11ba6ba696cb8802a7>:0 
UnityEngine.StackTraceUtility:ExtractStackTrace ()
UnityEngine.DebugLogHandler:LogFormat (UnityEngine.LogType,UnityEngine.Object,string,object[])
UnityEngine.Logger:Log (UnityEngine.LogType,object)
UnityEngine.Debug:LogError (object)
UnityEditor.EditorAssemblies:ProcessInitializeOnLoadMethodAttributes ()

Mono: successfully reloaded assembly
- Completed reload, in  2.605 seconds
Domain Reload Profiling:
	ReloadAssembly (2609ms)
		BeginReloadAssembly (537ms)
			ExecutionOrderSort (0ms)
			DisableScriptedObjects (29ms)
			BackupInstance (0ms)
			ReleaseScriptingObjects (0ms)
			CreateAndSetChildDomain (219ms)
		EndReloadAssembly (1896ms)
			LoadAssemblies (186ms)
			RebuildTransferFunctionScriptingTraits (0ms)
			SetupTypeCache (531ms)
			ReleaseScriptCaches (2ms)
			RebuildScriptCaches (86ms)
			SetupLoadedEditorAssemblies (1025ms)
				LogAssemblyErrors (0ms)
				InitializePlatformSupportModulesInManaged (34ms)
				SetLoadedEditorAssemblies (1ms)
				RefreshPlugins (2ms)
				BeforeProcessingInitializeOnLoad (177ms)
				ProcessInitializeOnLoadAttributes (662ms)
				ProcessInitializeOnLoadMethodAttributes (127ms)
				AfterProcessingInitializeOnLoad (20ms)
				EditorAssembliesLoaded (1ms)
			ExecutionOrderSort2 (0ms)
			AwakeInstancesAfterBackupRestoration (19ms)
Platform modules already initialized, skipping
Refreshing native plugins compatible for Editor in 6.84 ms, found 6 plugins.
Preloading 1 native plugins for Editor in 0.36 ms.
Unloading 5821 Unused Serialized files (Serialized files now loaded: 0)
Unloading 30 unused Assets / (2.0 MB). Loaded Objects now: 6379.
Memory consumption went from 253.4 MB to 251.4 MB.
Total: 5.900800 ms (FindLiveObjects: 0.470000 ms CreateObjectMapping: 0.265200 ms MarkObjects: 4.445700 ms  DeleteObjects: 0.717700 ms)

AssetImportParameters requested are different than current active one (requested -> active):
  custom:video-decoder-ogg-theora: a1e56fd34408186e4bbccfd4996cb3dc -> 
  custom:container-muxer-webm: aa71ff27fc2769a1b78a27578f13a17b -> 
  custom:container-demuxer-webm: 4f35f7cbe854078d1ac9338744f61a02 -> 
  custom:video-encoder-webm-vp8: eb34c28f22e8b96e1ab97ce403110664 -> 
  custom:video-codec-MediaFoundation-h265: 746d11721c4dcdbdad8f713fa42b33f4 -> 
  custom:audio-encoder-webm-vorbis: bf7c407c2cedff20999df2af8eb42d56 -> 
  custom:framework-win-MediaFoundation: 216162199b28c13a410421893ffa2e32 -> 
  custom:container-demuxer-ogg: 62fdf1f143b41e24485cea50d1cbac27 -> 
  custom:video-decoder-webm-vp8: 9c59270c3fd7afecdb556c50c9e8de78 -> 
  custom:audio-decoder-ogg-vorbis: bf7c407c2cedff20999df2af8eb42d56 -> 
========================================================================
Received Import Request.
  Time since last request: 2016.318493 seconds.
  path: Assets/TriForge Assets
  artifactKey: Guid(57db919b3aea64547a3d13cfb1898946) Importer(815301076,1909f56bfc062723c751e8b465ee728b)
Start importing Assets/TriForge Assets using Guid(57db919b3aea64547a3d13cfb1898946) Importer(815301076,1909f56bfc062723c751e8b465ee728b)  -> (artifact id: 'f3528a1c3008e7b469c6984bcffca01d') in 0.041482 seconds 
========================================================================
Received Import Request.
  Time since last request: 5.828986 seconds.
  path: Assets/TriForge Assets/Fantasy Forest Environment
  artifactKey: Guid(cb483872b5b50894cbd5400f2159da97) Importer(815301076,1909f56bfc062723c751e8b465ee728b)
Start importing Assets/TriForge Assets/Fantasy Forest Environment using Guid(cb483872b5b50894cbd5400f2159da97) Importer(815301076,1909f56bfc062723c751e8b465ee728b)  -> (artifact id: '37e6d0c36888379e5a02c00b492fff7e') in 0.024140 seconds 
========================================================================
Received Prepare
Registering precompiled user dll's ...
Registered in 0.020490 seconds.
Begin MonoManager ReloadAssembly
Symbol file LoadedFromMemory doesn't match image C:\Users\minzo\OneDrive\바탕 화면\HealingTogether\HealingTogether\Library\PackageCache\com.unity.visualscripting@1.7.6\Editor\VisualScripting.Core\Dependencies\YamlDotNet\Unity.VisualScripting.YamlDotNet.dll
Symbol file LoadedFromMemory doesn't match image C:\Users\minzo\OneDrive\바탕 화면\HealingTogether\HealingTogether\Library\PackageCache\com.unity.visualscripting@1.7.6\Editor\VisualScripting.Core\Dependencies\DotNetZip\Unity.VisualScripting.IonicZip.dll
Native extension for WindowsStandalone target not found
Native extension for Android target not found
Native extension for WebGL target not found
Refreshing native plugins compatible for Editor in 1.06 ms, found 6 plugins.
Preloading 1 native plugins for Editor in 0.18 ms.
System.Reflection.TargetInvocationException: Exception has been thrown by the target of an invocation. ---> System.NullReferenceException: Object reference not set to an instance of an object
  at Unity.XR.Oculus.OculusLoader.AssetPathToAbsolutePath (System.String assetPath) [0x0003d] in C:\Users\minzo\OneDrive\바탕 화면\HealingTogether\HealingTogether\Library\PackageCache\com.unity.xr.oculus@1.11.2\Runtime\OculusLoader.cs:250 
  at Unity.XR.Oculus.OculusLoader.EditorLoadOVRPlugin () [0x0007b] in C:\Users\minzo\OneDrive\바탕 화면\HealingTogether\HealingTogether\Library\PackageCache\com.unity.xr.oculus@1.11.2\Runtime\OculusLoader.cs:235 
  at (wrapper managed-to-native) System.Reflection.RuntimeMethodInfo.InternalInvoke(System.Reflection.RuntimeMethodInfo,object,object[],System.Exception&)
  at System.Reflection.RuntimeMethodInfo.Invoke (System.Object obj, System.Reflection.BindingFlags invokeAttr, System.Reflection.Binder binder, System.Object[] parameters, System.Globalization.CultureInfo culture) [0x0006a] in <7b935204f5ff4bcab44b3b0ebca330bf>:0 
   --- End of inner exception stack trace ---
  at System.Reflection.RuntimeMethodInfo.Invoke (System.Object obj, System.Reflection.BindingFlags invokeAttr, System.Reflection.Binder binder, System.Object[] parameters, System.Globalization.CultureInfo culture) [0x00083] in <7b935204f5ff4bcab44b3b0ebca330bf>:0 
  at System.Reflection.MethodBase.Invoke (System.Object obj, System.Object[] parameters) [0x00000] in <7b935204f5ff4bcab44b3b0ebca330bf>:0 
  at UnityEditor.EditorAssemblies.ProcessInitializeOnLoadMethodAttributes () [0x000a5] in <db8aad8fcedd4e11ba6ba696cb8802a7>:0 
UnityEngine.StackTraceUtility:ExtractStackTrace ()
UnityEngine.DebugLogHandler:LogFormat (UnityEngine.LogType,UnityEngine.Object,string,object[])
UnityEngine.Logger:Log (UnityEngine.LogType,object)
UnityEngine.Debug:LogError (object)
UnityEditor.EditorAssemblies:ProcessInitializeOnLoadMethodAttributes ()

Mono: successfully reloaded assembly
- Completed reload, in  2.215 seconds
Domain Reload Profiling:
	ReloadAssembly (2217ms)
		BeginReloadAssembly (266ms)
			ExecutionOrderSort (0ms)
			DisableScriptedObjects (5ms)
			BackupInstance (0ms)
			ReleaseScriptingObjects (0ms)
			CreateAndSetChildDomain (77ms)
		EndReloadAssembly (1758ms)
			LoadAssemblies (193ms)
			RebuildTransferFunctionScriptingTraits (0ms)
			SetupTypeCache (486ms)
			ReleaseScriptCaches (2ms)
			RebuildScriptCaches (84ms)
			SetupLoadedEditorAssemblies (910ms)
				LogAssemblyErrors (0ms)
				InitializePlatformSupportModulesInManaged (32ms)
				SetLoadedEditorAssemblies (1ms)
				RefreshPlugins (1ms)
				BeforeProcessingInitializeOnLoad (160ms)
				ProcessInitializeOnLoadAttributes (590ms)
				ProcessInitializeOnLoadMethodAttributes (105ms)
				AfterProcessingInitializeOnLoad (21ms)
				EditorAssembliesLoaded (1ms)
			ExecutionOrderSort2 (0ms)
			AwakeInstancesAfterBackupRestoration (30ms)
Platform modules already initialized, skipping
Refreshing native plugins compatible for Editor in 4.38 ms, found 6 plugins.
Preloading 1 native plugins for Editor in 0.12 ms.
Unloading 5821 Unused Serialized files (Serialized files now loaded: 0)
Unloading 29 unused Assets / (2.0 MB). Loaded Objects now: 6382.
Memory consumption went from 253.4 MB to 251.4 MB.
Total: 6.757600 ms (FindLiveObjects: 0.429400 ms CreateObjectMapping: 0.419900 ms MarkObjects: 4.862700 ms  DeleteObjects: 1.042700 ms)

AssetImportParameters requested are different than current active one (requested -> active):
  custom:video-decoder-ogg-theora: a1e56fd34408186e4bbccfd4996cb3dc -> 
  custom:container-muxer-webm: aa71ff27fc2769a1b78a27578f13a17b -> 
  custom:container-demuxer-webm: 4f35f7cbe854078d1ac9338744f61a02 -> 
  custom:video-encoder-webm-vp8: eb34c28f22e8b96e1ab97ce403110664 -> 
  custom:video-codec-MediaFoundation-h265: 746d11721c4dcdbdad8f713fa42b33f4 -> 
  custom:audio-encoder-webm-vorbis: bf7c407c2cedff20999df2af8eb42d56 -> 
  custom:framework-win-MediaFoundation: 216162199b28c13a410421893ffa2e32 -> 
  custom:container-demuxer-ogg: 62fdf1f143b41e24485cea50d1cbac27 -> 
  custom:video-decoder-webm-vp8: 9c59270c3fd7afecdb556c50c9e8de78 -> 
  custom:audio-decoder-ogg-vorbis: bf7c407c2cedff20999df2af8eb42d56 -> 
========================================================================
Received Import Request.
  Time since last request: 47.024254 seconds.
  path: Assets/Tutorial/TriForge Assets/Fantasy Forest Environment/Materials
  artifactKey: Guid(feec9e1763fb0cf40b924b7c3f7aa244) Importer(815301076,1909f56bfc062723c751e8b465ee728b)
Start importing Assets/Tutorial/TriForge Assets/Fantasy Forest Environment/Materials using Guid(feec9e1763fb0cf40b924b7c3f7aa244) Importer(815301076,1909f56bfc062723c751e8b465ee728b)  -> (artifact id: 'f0167ef2ed87337d48a9517eaaa2c4d1') in 0.035875 seconds 
========================================================================
Received Prepare
Registering precompiled user dll's ...
Registered in 0.033670 seconds.
Begin MonoManager ReloadAssembly
Symbol file LoadedFromMemory doesn't match image C:\Users\minzo\OneDrive\바탕 화면\HealingTogether\HealingTogether\Library\PackageCache\com.unity.visualscripting@1.7.6\Editor\VisualScripting.Core\Dependencies\YamlDotNet\Unity.VisualScripting.YamlDotNet.dll
Symbol file LoadedFromMemory doesn't match image C:\Users\minzo\OneDrive\바탕 화면\HealingTogether\HealingTogether\Library\PackageCache\com.unity.visualscripting@1.7.6\Editor\VisualScripting.Core\Dependencies\DotNetZip\Unity.VisualScripting.IonicZip.dll
Native extension for WindowsStandalone target not found
Native extension for Android target not found
Native extension for WebGL target not found
Refreshing native plugins compatible for Editor in 1.09 ms, found 6 plugins.
Preloading 1 native plugins for Editor in 0.15 ms.
System.Reflection.TargetInvocationException: Exception has been thrown by the target of an invocation. ---> System.NullReferenceException: Object reference not set to an instance of an object
  at Unity.XR.Oculus.OculusLoader.AssetPathToAbsolutePath (System.String assetPath) [0x0003d] in C:\Users\minzo\OneDrive\바탕 화면\HealingTogether\HealingTogether\Library\PackageCache\com.unity.xr.oculus@1.11.2\Runtime\OculusLoader.cs:250 
  at Unity.XR.Oculus.OculusLoader.EditorLoadOVRPlugin () [0x0007b] in C:\Users\minzo\OneDrive\바탕 화면\HealingTogether\HealingTogether\Library\PackageCache\com.unity.xr.oculus@1.11.2\Runtime\OculusLoader.cs:235 
  at (wrapper managed-to-native) System.Reflection.RuntimeMethodInfo.InternalInvoke(System.Reflection.RuntimeMethodInfo,object,object[],System.Exception&)
  at System.Reflection.RuntimeMethodInfo.Invoke (System.Object obj, System.Reflection.BindingFlags invokeAttr, System.Reflection.Binder binder, System.Object[] parameters, System.Globalization.CultureInfo culture) [0x0006a] in <7b935204f5ff4bcab44b3b0ebca330bf>:0 
   --- End of inner exception stack trace ---
  at System.Reflection.RuntimeMethodInfo.Invoke (System.Object obj, System.Reflection.BindingFlags invokeAttr, System.Reflection.Binder binder, System.Object[] parameters, System.Globalization.CultureInfo culture) [0x00083] in <7b935204f5ff4bcab44b3b0ebca330bf>:0 
  at System.Reflection.MethodBase.Invoke (System.Object obj, System.Object[] parameters) [0x00000] in <7b935204f5ff4bcab44b3b0ebca330bf>:0 
  at UnityEditor.EditorAssemblies.ProcessInitializeOnLoadMethodAttributes () [0x000a5] in <db8aad8fcedd4e11ba6ba696cb8802a7>:0 
UnityEngine.StackTraceUtility:ExtractStackTrace ()
UnityEngine.DebugLogHandler:LogFormat (UnityEngine.LogType,UnityEngine.Object,string,object[])
UnityEngine.Logger:Log (UnityEngine.LogType,object)
UnityEngine.Debug:LogError (object)
UnityEditor.EditorAssemblies:ProcessInitializeOnLoadMethodAttributes ()

Mono: successfully reloaded assembly
- Completed reload, in  1.884 seconds
Domain Reload Profiling:
	ReloadAssembly (1885ms)
		BeginReloadAssembly (219ms)
			ExecutionOrderSort (0ms)
			DisableScriptedObjects (10ms)
			BackupInstance (0ms)
			ReleaseScriptingObjects (0ms)
			CreateAndSetChildDomain (59ms)
		EndReloadAssembly (1525ms)
			LoadAssemblies (176ms)
			RebuildTransferFunctionScriptingTraits (0ms)
			SetupTypeCache (394ms)
			ReleaseScriptCaches (3ms)
			RebuildScriptCaches (65ms)
			SetupLoadedEditorAssemblies (849ms)
				LogAssemblyErrors (0ms)
				InitializePlatformSupportModulesInManaged (30ms)
				SetLoadedEditorAssemblies (1ms)
				RefreshPlugins (1ms)
				BeforeProcessingInitializeOnLoad (132ms)
				ProcessInitializeOnLoadAttributes (564ms)
				ProcessInitializeOnLoadMethodAttributes (106ms)
				AfterProcessingInitializeOnLoad (15ms)
				EditorAssembliesLoaded (0ms)
			ExecutionOrderSort2 (0ms)
			AwakeInstancesAfterBackupRestoration (13ms)
Platform modules already initialized, skipping
Refreshing native plugins compatible for Editor in 5.27 ms, found 6 plugins.
Preloading 1 native plugins for Editor in 0.17 ms.
Unloading 5821 Unused Serialized files (Serialized files now loaded: 0)
Unloading 29 unused Assets / (2.0 MB). Loaded Objects now: 6385.
Memory consumption went from 253.4 MB to 251.4 MB.
Total: 5.538800 ms (FindLiveObjects: 0.408600 ms CreateObjectMapping: 0.264500 ms MarkObjects: 3.241300 ms  DeleteObjects: 1.622800 ms)

AssetImportParameters requested are different than current active one (requested -> active):
  custom:video-decoder-ogg-theora: a1e56fd34408186e4bbccfd4996cb3dc -> 
  custom:container-muxer-webm: aa71ff27fc2769a1b78a27578f13a17b -> 
  custom:container-demuxer-webm: 4f35f7cbe854078d1ac9338744f61a02 -> 
  custom:video-encoder-webm-vp8: eb34c28f22e8b96e1ab97ce403110664 -> 
  custom:video-codec-MediaFoundation-h265: 746d11721c4dcdbdad8f713fa42b33f4 -> 
  custom:audio-encoder-webm-vorbis: bf7c407c2cedff20999df2af8eb42d56 -> 
  custom:framework-win-MediaFoundation: 216162199b28c13a410421893ffa2e32 -> 
  custom:container-demuxer-ogg: 62fdf1f143b41e24485cea50d1cbac27 -> 
  custom:video-decoder-webm-vp8: 9c59270c3fd7afecdb556c50c9e8de78 -> 
  custom:audio-decoder-ogg-vorbis: bf7c407c2cedff20999df2af8eb42d56 -> 
========================================================================
Received Import Request.
  Time since last request: 79.444537 seconds.
  path: Assets/Tutorial/Prefabs/TriForge Assets/Fantasy Forest Environment/Materials/Autumn
  artifactKey: Guid(7bb70574c6ba2d841b4a4c63080bfbdc) Importer(815301076,1909f56bfc062723c751e8b465ee728b)
Start importing Assets/Tutorial/Prefabs/TriForge Assets/Fantasy Forest Environment/Materials/Autumn using Guid(7bb70574c6ba2d841b4a4c63080bfbdc) Importer(815301076,1909f56bfc062723c751e8b465ee728b)  -> (artifact id: '2f28f484e2be0ea261721f2c27950730') in 0.039719 seconds 
========================================================================
Received Import Request.
  Time since last request: 225.647428 seconds.
  path: Assets/Tutorial/Prefabs/TriForge Assets/Fantasy Forest Environment/Textures/Autumn/T_FFE_Grassset01_Autumn.Png
  artifactKey: Guid(4c1eb07828ad76c4c88129337f5736cc) Importer(815301076,1909f56bfc062723c751e8b465ee728b)
Start importing Assets/Tutorial/Prefabs/TriForge Assets/Fantasy Forest Environment/Textures/Autumn/T_FFE_Grassset01_Autumn.Png using Guid(4c1eb07828ad76c4c88129337f5736cc) Importer(815301076,1909f56bfc062723c751e8b465ee728b)  -> (artifact id: 'b737cfd13e33c1f72c92cbd49716e2b9') in 0.206212 seconds 
========================================================================
Received Import Request.
  Time since last request: 4.654242 seconds.
  path: Assets/Tutorial/Prefabs/TriForge Assets/Fantasy Forest Environment/Textures/Autumn/T_FFE_Tree_Branches_Autumn.Png
  artifactKey: Guid(b264ac88dc6972049949e9484ba1f4fb) Importer(815301076,1909f56bfc062723c751e8b465ee728b)
Start importing Assets/Tutorial/Prefabs/TriForge Assets/Fantasy Forest Environment/Textures/Autumn/T_FFE_Tree_Branches_Autumn.Png using Guid(b264ac88dc6972049949e9484ba1f4fb) Importer(815301076,1909f56bfc062723c751e8b465ee728b)  -> (artifact id: '24f5535101d1da3b808d37e7b1e35e8e') in 0.038511 seconds 
========================================================================
Received Import Request.
  Time since last request: 0.504737 seconds.
  path: Assets/Tutorial/Prefabs/TriForge Assets/Fantasy Forest Environment/Textures/Autumn/T_FFE_Spruce_1_Branch_Autumn.Png
  artifactKey: Guid(bf028c16c24de8c43b0aa11fdc7feb31) Importer(815301076,1909f56bfc062723c751e8b465ee728b)
Start importing Assets/Tutorial/Prefabs/TriForge Assets/Fantasy Forest Environment/Textures/Autumn/T_FFE_Spruce_1_Branch_Autumn.Png using Guid(bf028c16c24de8c43b0aa11fdc7feb31) Importer(815301076,1909f56bfc062723c751e8b465ee728b)  -> (artifact id: '01addac39f5a559d767b132d331c16b0') in 0.042184 seconds 
========================================================================
Received Import Request.
  Time since last request: 0.621086 seconds.
  path: Assets/Tutorial/Prefabs/TriForge Assets/Fantasy Forest Environment/Textures/Autumn/T_FFE_Spruce_2_Branch_Autumn.Png
  artifactKey: Guid(d90ccf5ae8dc4444db55b96a29041ebd) Importer(815301076,1909f56bfc062723c751e8b465ee728b)
Start importing Assets/Tutorial/Prefabs/TriForge Assets/Fantasy Forest Environment/Textures/Autumn/T_FFE_Spruce_2_Branch_Autumn.Png using Guid(d90ccf5ae8dc4444db55b96a29041ebd) Importer(815301076,1909f56bfc062723c751e8b465ee728b)  -> (artifact id: 'fd5d34142626530d585ad210fbc8be62') in 0.033627 seconds 
========================================================================
Received Import Request.
  Time since last request: 15.984721 seconds.
  path: Assets/Tutorial/Prefabs/TriForge Assets/Fantasy Forest Environment/Textures/Particle Effects/T_FFE_Particle_Watersplash.tga
  artifactKey: Guid(c6d76c36684fd574f91e24f92981286c) Importer(815301076,1909f56bfc062723c751e8b465ee728b)
Start importing Assets/Tutorial/Prefabs/TriForge Assets/Fantasy Forest Environment/Textures/Particle Effects/T_FFE_Particle_Watersplash.tga using Guid(c6d76c36684fd574f91e24f92981286c) Importer(815301076,1909f56bfc062723c751e8b465ee728b)  -> (artifact id: '87899e99351deed29cd584648b6ed2a0') in 0.051575 seconds 
========================================================================
Received Import Request.
  Time since last request: 4.565299 seconds.
  path: Assets/Tutorial/Prefabs/TriForge Assets/Fantasy Forest Environment/Textures/Winter/T_FFE_Spruce_2_Branch_Winter.png
  artifactKey: Guid(0aea04533237e174b84a62d12a250ab5) Importer(815301076,1909f56bfc062723c751e8b465ee728b)
Start importing Assets/Tutorial/Prefabs/TriForge Assets/Fantasy Forest Environment/Textures/Winter/T_FFE_Spruce_2_Branch_Winter.png using Guid(0aea04533237e174b84a62d12a250ab5) Importer(815301076,1909f56bfc062723c751e8b465ee728b)  -> (artifact id: '139c0475d5d4f57658b9a61480b4ac8b') in 0.041663 seconds 
========================================================================
Received Import Request.
  Time since last request: 0.578731 seconds.
  path: Assets/Tutorial/Prefabs/TriForge Assets/Fantasy Forest Environment/Textures/Winter/T_FFE_Tree01_Bark_Winter.tga
  artifactKey: Guid(3847aa5577d74804eb6adc80ffd8803b) Importer(815301076,1909f56bfc062723c751e8b465ee728b)
Start importing Assets/Tutorial/Prefabs/TriForge Assets/Fantasy Forest Environment/Textures/Winter/T_FFE_Tree01_Bark_Winter.tga using Guid(3847aa5577d74804eb6adc80ffd8803b) Importer(815301076,1909f56bfc062723c751e8b465ee728b)  -> (artifact id: '5f98dbf43930a6c6dbd11948ea19db41') in 0.039461 seconds 
========================================================================
Received Import Request.
  Time since last request: 0.962478 seconds.
  path: Assets/Tutorial/Prefabs/TriForge Assets/Fantasy Forest Environment/Textures/Winter/T_FFE_Grassset01_Winter.tga
  artifactKey: Guid(ca63e776ccff0a947b2c21fa120158fc) Importer(815301076,1909f56bfc062723c751e8b465ee728b)
Start importing Assets/Tutorial/Prefabs/TriForge Assets/Fantasy Forest Environment/Textures/Winter/T_FFE_Grassset01_Winter.tga using Guid(ca63e776ccff0a947b2c21fa120158fc) Importer(815301076,1909f56bfc062723c751e8b465ee728b)  -> (artifact id: '729e6efc3ccc7cfcd19c1c843ddd1fdf') in 0.040229 seconds 
========================================================================
Received Import Request.
  Time since last request: 47.489873 seconds.
  path: Assets/Tutorial/Prefabs/TriForge Assets/Fantasy Forest Environment/Meshes/MSH_FFE_Fence01.fbx
  artifactKey: Guid(59e9fb3761be54d488cbef22434fea03) Importer(815301076,1909f56bfc062723c751e8b465ee728b)
Start importing Assets/Tutorial/Prefabs/TriForge Assets/Fantasy Forest Environment/Meshes/MSH_FFE_Fence01.fbx using Guid(59e9fb3761be54d488cbef22434fea03) Importer(815301076,1909f56bfc062723c751e8b465ee728b)  -> (artifact id: '3cb784bf5750f9701643f58f0ebb3316') in 0.711596 seconds 
========================================================================
Received Import Request.
  Time since last request: 2.069007 seconds.
  path: Assets/Tutorial/Prefabs/TriForge Assets/Fantasy Forest Environment/Meshes/MSH_FFE_Lily_Pad_Flower_2.fbx
  artifactKey: Guid(ad9a852d00639014bb782477ed6756b5) Importer(815301076,1909f56bfc062723c751e8b465ee728b)
Start importing Assets/Tutorial/Prefabs/TriForge Assets/Fantasy Forest Environment/Meshes/MSH_FFE_Lily_Pad_Flower_2.fbx using Guid(ad9a852d00639014bb782477ed6756b5) Importer(815301076,1909f56bfc062723c751e8b465ee728b)  -> (artifact id: '51022158f8303db472b33a86c3d685ad') in 0.355237 seconds 
========================================================================
Received Import Request.
  Time since last request: 0.196701 seconds.
  path: Assets/Tutorial/Prefabs/TriForge Assets/Fantasy Forest Environment/Meshes/MSH_FFE_Lily_Pad_Group_3.fbx
  artifactKey: Guid(bd45fba02830a2643bc28cd80e3b4330) Importer(815301076,1909f56bfc062723c751e8b465ee728b)
Start importing Assets/Tutorial/Prefabs/TriForge Assets/Fantasy Forest Environment/Meshes/MSH_FFE_Lily_Pad_Group_3.fbx using Guid(bd45fba02830a2643bc28cd80e3b4330) Importer(815301076,1909f56bfc062723c751e8b465ee728b)  -> (artifact id: 'cac1fb660c88fe412d122e34a932153b') in 0.066665 seconds 
========================================================================
Received Import Request.
  Time since last request: 0.656614 seconds.
  path: Assets/Tutorial/Prefabs/TriForge Assets/Fantasy Forest Environment/Meshes/MSH_FFE_Lily_Pad_3.fbx
  artifactKey: Guid(d664dae73e5ac4a42a1511cda0929409) Importer(815301076,1909f56bfc062723c751e8b465ee728b)
Start importing Assets/Tutorial/Prefabs/TriForge Assets/Fantasy Forest Environment/Meshes/MSH_FFE_Lily_Pad_3.fbx using Guid(d664dae73e5ac4a42a1511cda0929409) Importer(815301076,1909f56bfc062723c751e8b465ee728b)  -> (artifact id: '549995e85e69b0670a95a566f64542c7') in 0.047972 seconds 
========================================================================
Received Import Request.
  Time since last request: 0.634383 seconds.
  path: Assets/Tutorial/Prefabs/TriForge Assets/Fantasy Forest Environment/Meshes/MSH_FFE_Lily_Pad_1.fbx
  artifactKey: Guid(3607412cb4206ec40b3b76bbb910acde) Importer(815301076,1909f56bfc062723c751e8b465ee728b)
Start importing Assets/Tutorial/Prefabs/TriForge Assets/Fantasy Forest Environment/Meshes/MSH_FFE_Lily_Pad_1.fbx using Guid(3607412cb4206ec40b3b76bbb910acde) Importer(815301076,1909f56bfc062723c751e8b465ee728b)  -> (artifact id: '7fdc16f7875d98517f4d38bf8b07f128') in 0.046884 seconds 
========================================================================
Received Import Request.
  Time since last request: 9.085731 seconds.
  path: Assets/Tutorial/Prefabs/TriForge Assets/Fantasy Forest Environment/Textures/T_FFE_Mushroom01.tga
  artifactKey: Guid(624997e7e733a264984ecfb8448f756b) Importer(815301076,1909f56bfc062723c751e8b465ee728b)
Start importing Assets/Tutorial/Prefabs/TriForge Assets/Fantasy Forest Environment/Textures/T_FFE_Mushroom01.tga using Guid(624997e7e733a264984ecfb8448f756b) Importer(815301076,1909f56bfc062723c751e8b465ee728b)  -> (artifact id: '570a0f0ce33dd82b158f1ce27c7c4e70') in 0.037215 seconds 
========================================================================
Received Import Request.
  Time since last request: 0.644710 seconds.
  path: Assets/Tutorial/Prefabs/TriForge Assets/Fantasy Forest Environment/Textures/T_FFE_Mushroom2_Illum.tga
  artifactKey: Guid(44c0c9ee58f368b428765134937b6c53) Importer(815301076,1909f56bfc062723c751e8b465ee728b)
Start importing Assets/Tutorial/Prefabs/TriForge Assets/Fantasy Forest Environment/Textures/T_FFE_Mushroom2_Illum.tga using Guid(44c0c9ee58f368b428765134937b6c53) Importer(815301076,1909f56bfc062723c751e8b465ee728b)  -> (artifact id: '9fbbbc04581579ea3261ec6c0fbceef2') in 0.032465 seconds 
========================================================================
Received Import Request.
  Time since last request: 4.735804 seconds.
  path: Assets/Tutorial/Prefabs/TriForge Assets/Fantasy Forest Environment/Textures/T_FFE_Largeplants.tga
  artifactKey: Guid(10fce826c1d99734fb72064ca1a183e3) Importer(815301076,1909f56bfc062723c751e8b465ee728b)
Start importing Assets/Tutorial/Prefabs/TriForge Assets/Fantasy Forest Environment/Textures/T_FFE_Largeplants.tga using Guid(10fce826c1d99734fb72064ca1a183e3) Importer(815301076,1909f56bfc062723c751e8b465ee728b)  -> (artifact id: 'febac484c1e905c4e0c57b2fb76c2dec') in 0.029160 seconds 
========================================================================
Received Import Request.
  Time since last request: 1.060114 seconds.
  path: Assets/Tutorial/Prefabs/TriForge Assets/Fantasy Forest Environment/Textures/T_FFE_Grassset01.tga
  artifactKey: Guid(890b5a0961c29d94aa5cc0b9462d5a9c) Importer(815301076,1909f56bfc062723c751e8b465ee728b)
Start importing Assets/Tutorial/Prefabs/TriForge Assets/Fantasy Forest Environment/Textures/T_FFE_Grassset01.tga using Guid(890b5a0961c29d94aa5cc0b9462d5a9c) Importer(815301076,1909f56bfc062723c751e8b465ee728b)  -> (artifact id: '3f668d7f55bfed060d11caba46cca64c') in 0.028442 seconds 
========================================================================
Received Import Request.
  Time since last request: 27.079413 seconds.
  path: Assets/Tutorial/Prefabs/TriForge Assets/Fantasy Forest Environment/Textures/T_FFE_Mushroom2.tga
  artifactKey: Guid(1eb5ba58de9fd6246b26d6d4b170b112) Importer(815301076,1909f56bfc062723c751e8b465ee728b)
Start importing Assets/Tutorial/Prefabs/TriForge Assets/Fantasy Forest Environment/Textures/T_FFE_Mushroom2.tga using Guid(1eb5ba58de9fd6246b26d6d4b170b112) Importer(815301076,1909f56bfc062723c751e8b465ee728b)  -> (artifact id: '93757520eb1da750b563174401a560be') in 0.038983 seconds 
========================================================================
Received Import Request.
  Time since last request: 14.072717 seconds.
  path: Assets/Tutorial/Prefabs/TriForge Assets/Fantasy Forest Environment/Textures/T_FFE_Spruce_2_Branch.png
  artifactKey: Guid(0a173f3538d6af64e985641d480b1494) Importer(815301076,1909f56bfc062723c751e8b465ee728b)
Start importing Assets/Tutorial/Prefabs/TriForge Assets/Fantasy Forest Environment/Textures/T_FFE_Spruce_2_Branch.png using Guid(0a173f3538d6af64e985641d480b1494) Importer(815301076,1909f56bfc062723c751e8b465ee728b)  -> (artifact id: 'd148aae5412dfb3ceeea67beca79d353') in 0.030561 seconds 
========================================================================
Received Import Request.
  Time since last request: 1.364276 seconds.
  path: Assets/Tutorial/Prefabs/TriForge Assets/Fantasy Forest Environment/Textures/T_FFE_Birch.tga
  artifactKey: Guid(61ef135cd6ad88d4faa9dbcb1da3f1ba) Importer(815301076,1909f56bfc062723c751e8b465ee728b)
Start importing Assets/Tutorial/Prefabs/TriForge Assets/Fantasy Forest Environment/Textures/T_FFE_Birch.tga using Guid(61ef135cd6ad88d4faa9dbcb1da3f1ba) Importer(815301076,1909f56bfc062723c751e8b465ee728b)  -> (artifact id: 'f48da0867c63a4e056a9e975d858f5ca') in 0.041693 seconds 
========================================================================
Received Import Request.
  Time since last request: 13.704558 seconds.
  path: Assets/Tutorial/Prefabs/TriForge Assets/Fantasy Forest Environment/Textures/T_FFE_Tree_Branches.png
  artifactKey: Guid(298823c3500f9ce48a623188ed17617c) Importer(815301076,1909f56bfc062723c751e8b465ee728b)
Start importing Assets/Tutorial/Prefabs/TriForge Assets/Fantasy Forest Environment/Textures/T_FFE_Tree_Branches.png using Guid(298823c3500f9ce48a623188ed17617c) Importer(815301076,1909f56bfc062723c751e8b465ee728b)  -> (artifact id: 'cde20487d7ecb62c6824860998988bf9') in 0.036498 seconds 
========================================================================
Received Import Request.
  Time since last request: 2.433480 seconds.
  path: Assets/Tutorial/Prefabs/TriForge Assets/Fantasy Forest Environment/Textures/T_FFE_Trees_Billboard_N.png
  artifactKey: Guid(e9a3a2bb4868ade4dacefdb5d0cb80ae) Importer(815301076,1909f56bfc062723c751e8b465ee728b)
Start importing Assets/Tutorial/Prefabs/TriForge Assets/Fantasy Forest Environment/Textures/T_FFE_Trees_Billboard_N.png using Guid(e9a3a2bb4868ade4dacefdb5d0cb80ae) Importer(815301076,1909f56bfc062723c751e8b465ee728b)  -> (artifact id: 'ce8d5639be187d4aa770579f80d0d35b') in 0.140028 seconds 
========================================================================
Received Import Request.
  Time since last request: 0.945013 seconds.
  path: Assets/Tutorial/Prefabs/TriForge Assets/Fantasy Forest Environment/Textures/T_FFE_Trees_Autumn_Billboard_BC.png
  artifactKey: Guid(8e1aca9617923e746ad77fc367e14fe1) Importer(815301076,1909f56bfc062723c751e8b465ee728b)
Start importing Assets/Tutorial/Prefabs/TriForge Assets/Fantasy Forest Environment/Textures/T_FFE_Trees_Autumn_Billboard_BC.png using Guid(8e1aca9617923e746ad77fc367e14fe1) Importer(815301076,1909f56bfc062723c751e8b465ee728b)  -> (artifact id: '2ce670419c75e22f94851de5d8144efe') in 0.031922 seconds 
========================================================================
Received Import Request.
  Time since last request: 4.294424 seconds.
  path: Assets/Tutorial/Prefabs/TriForge Assets/Fantasy Forest Environment/Textures/T_FFE_Spruce_A_Bark.png
  artifactKey: Guid(2013d4059b4e3ca4b91827a2b6770318) Importer(815301076,1909f56bfc062723c751e8b465ee728b)
Start importing Assets/Tutorial/Prefabs/TriForge Assets/Fantasy Forest Environment/Textures/T_FFE_Spruce_A_Bark.png using Guid(2013d4059b4e3ca4b91827a2b6770318) Importer(815301076,1909f56bfc062723c751e8b465ee728b)  -> (artifact id: '71a38d8fed551f77b3676c1e72ae7ec4') in 0.028940 seconds 
========================================================================
Received Import Request.
  Time since last request: 20.669979 seconds.
  path: Assets/Tutorial/Prefabs/TriForge Assets/Fantasy Forest Environment/Textures/T_FFE_Bark01_Bottom.tga
  artifactKey: Guid(6303c2c9c649c4a499cd9ce357eb92e2) Importer(815301076,1909f56bfc062723c751e8b465ee728b)
Start importing Assets/Tutorial/Prefabs/TriForge Assets/Fantasy Forest Environment/Textures/T_FFE_Bark01_Bottom.tga using Guid(6303c2c9c649c4a499cd9ce357eb92e2) Importer(815301076,1909f56bfc062723c751e8b465ee728b)  -> (artifact id: 'decebc2c69921a7bae61d222d5e40fca') in 0.030753 seconds 
========================================================================
Received Import Request.
  Time since last request: 36.109787 seconds.
  path: Assets/Tutorial/Prefabs/TriForge Assets/Fantasy Forest Environment/Textures/Autumn
  artifactKey: Guid(834f4f4082f026642a91e122413ffa1d) Importer(815301076,1909f56bfc062723c751e8b465ee728b)
Start importing Assets/Tutorial/Prefabs/TriForge Assets/Fantasy Forest Environment/Textures/Autumn using Guid(834f4f4082f026642a91e122413ffa1d) Importer(815301076,1909f56bfc062723c751e8b465ee728b)  -> (artifact id: 'f409f3762855df58b28c4d62b63621dd') in 0.005464 seconds 
========================================================================
Received Import Request.
  Time since last request: 1.212265 seconds.
  path: Assets/Tutorial/Prefabs/TriForge Assets/Fantasy Forest Environment/Textures/Particle Effects
  artifactKey: Guid(93e9ad2ca04f8cd4d9384c564ed2c08f) Importer(815301076,1909f56bfc062723c751e8b465ee728b)
Start importing Assets/Tutorial/Prefabs/TriForge Assets/Fantasy Forest Environment/Textures/Particle Effects using Guid(93e9ad2ca04f8cd4d9384c564ed2c08f) Importer(815301076,1909f56bfc062723c751e8b465ee728b)  -> (artifact id: '451231c754a5ced2a34908741b1ea381') in 0.022671 seconds 
========================================================================
Received Import Request.
  Time since last request: 0.448439 seconds.
  path: Assets/Tutorial/Prefabs/TriForge Assets/Fantasy Forest Environment/Textures/Terrain
  artifactKey: Guid(42fcea5dac5969c42b31dfd90983bfd3) Importer(815301076,1909f56bfc062723c751e8b465ee728b)
Start importing Assets/Tutorial/Prefabs/TriForge Assets/Fantasy Forest Environment/Textures/Terrain using Guid(42fcea5dac5969c42b31dfd90983bfd3) Importer(815301076,1909f56bfc062723c751e8b465ee728b)  -> (artifact id: '77fe591ba2fda05602e74da94471bf87') in 0.020403 seconds 
========================================================================
Received Import Request.
  Time since last request: 0.518825 seconds.
  path: Assets/Tutorial/Prefabs/TriForge Assets/Fantasy Forest Environment/Textures/Utility
  artifactKey: Guid(a606ace59bcf4f141ac9bc0bed4fac21) Importer(815301076,1909f56bfc062723c751e8b465ee728b)
Start importing Assets/Tutorial/Prefabs/TriForge Assets/Fantasy Forest Environment/Textures/Utility using Guid(a606ace59bcf4f141ac9bc0bed4fac21) Importer(815301076,1909f56bfc062723c751e8b465ee728b)  -> (artifact id: '9b49d10736e8b4ac9e4cfb0e9b823673') in 0.019782 seconds 
========================================================================
Received Import Request.
  Time since last request: 0.934304 seconds.
  path: Assets/Tutorial/Prefabs/TriForge Assets/Fantasy Forest Environment/Textures/Winter
  artifactKey: Guid(6dc5fe0a057349d46aaa297f9d1854b3) Importer(815301076,1909f56bfc062723c751e8b465ee728b)
Start importing Assets/Tutorial/Prefabs/TriForge Assets/Fantasy Forest Environment/Textures/Winter using Guid(6dc5fe0a057349d46aaa297f9d1854b3) Importer(815301076,1909f56bfc062723c751e8b465ee728b)  -> (artifact id: 'ab111fffcc2a95b9e5f043cd4de4d2e7') in 0.030669 seconds 
========================================================================
Received Import Request.
  Time since last request: 27.782517 seconds.
  path: Assets/Tutorial/Prefabs/TriForge Assets/Fantasy Forest Environment/Particle Effects/PS_FFE_Fog.prefab
  artifactKey: Guid(fed9936d348138d4b8c9eee711f97456) Importer(815301076,1909f56bfc062723c751e8b465ee728b)
Start importing Assets/Tutorial/Prefabs/TriForge Assets/Fantasy Forest Environment/Particle Effects/PS_FFE_Fog.prefab using Guid(fed9936d348138d4b8c9eee711f97456) Importer(815301076,1909f56bfc062723c751e8b465ee728b)  -> (artifact id: '0cf63118369a16c46264e7bc67e3ec5d') in 0.152479 seconds 
========================================================================
Received Import Request.
  Time since last request: 1.084107 seconds.
  path: Assets/Tutorial/Prefabs/TriForge Assets/Fantasy Forest Environment/Particle Effects/PS_FFE_Fire.prefab
  artifactKey: Guid(48dc36c09eec02e4baa3357c8aa613e5) Importer(815301076,1909f56bfc062723c751e8b465ee728b)
Start importing Assets/Tutorial/Prefabs/TriForge Assets/Fantasy Forest Environment/Particle Effects/PS_FFE_Fire.prefab using Guid(48dc36c09eec02e4baa3357c8aa613e5) Importer(815301076,1909f56bfc062723c751e8b465ee728b)  -> (artifact id: '51c1bbdb2d67c8efe494e8bb33defd4c') in 0.047517 seconds 
========================================================================
Received Import Request.
  Time since last request: 1.882824 seconds.
  path: Assets/Tutorial/Prefabs/TriForge Assets/Fantasy Forest Environment/Particle Effects/PS_FFE_Falling_Leaves_2.prefab
  artifactKey: Guid(31325b405e94cb04aa712a27a9daf138) Importer(815301076,1909f56bfc062723c751e8b465ee728b)
Start importing Assets/Tutorial/Prefabs/TriForge Assets/Fantasy Forest Environment/Particle Effects/PS_FFE_Falling_Leaves_2.prefab using Guid(31325b405e94cb04aa712a27a9daf138) Importer(815301076,1909f56bfc062723c751e8b465ee728b)  -> (artifact id: 'c1d2bfcb16c44bdc3771ba1e9983d602') in 1.863780 seconds 
========================================================================
Received Import Request.
  Time since last request: 15.319770 seconds.
  path: Assets/Tutorial/Prefabs/TriForge Assets/Fantasy Forest Environment/Meshes/MSH_FFE_Bridge.fbx
  artifactKey: Guid(29fa835e1e042b04ba69395912b67acc) Importer(815301076,1909f56bfc062723c751e8b465ee728b)
Start importing Assets/Tutorial/Prefabs/TriForge Assets/Fantasy Forest Environment/Meshes/MSH_FFE_Bridge.fbx using Guid(29fa835e1e042b04ba69395912b67acc) Importer(815301076,1909f56bfc062723c751e8b465ee728b)  -> (artifact id: '10d9d1034f4d4a7f29eebbda0f21a350') in 0.049000 seconds 
========================================================================
Received Import Request.
  Time since last request: 1.203816 seconds.
  path: Assets/Tutorial/Prefabs/TriForge Assets/Fantasy Forest Environment/Meshes/MSH_FFE_Bush_1.fbx
  artifactKey: Guid(0374471fe04f35e479e4d39c4976b558) Importer(815301076,1909f56bfc062723c751e8b465ee728b)
Start importing Assets/Tutorial/Prefabs/TriForge Assets/Fantasy Forest Environment/Meshes/MSH_FFE_Bush_1.fbx using Guid(0374471fe04f35e479e4d39c4976b558) Importer(815301076,1909f56bfc062723c751e8b465ee728b)  -> (artifact id: '12ba2645ec457f11744149f87d992906') in 0.409192 seconds 
========================================================================
Received Import Request.
  Time since last request: 5.672938 seconds.
  path: Assets/Tutorial/Prefabs/TriForge Assets/Fantasy Forest Environment/Meshes/MSH_FFE_Bedroll.fbx
  artifactKey: Guid(6f4a9609ffcb1a04f9a46508beaa70f5) Importer(815301076,1909f56bfc062723c751e8b465ee728b)
Start importing Assets/Tutorial/Prefabs/TriForge Assets/Fantasy Forest Environment/Meshes/MSH_FFE_Bedroll.fbx using Guid(6f4a9609ffcb1a04f9a46508beaa70f5) Importer(815301076,1909f56bfc062723c751e8b465ee728b)  -> (artifact id: 'c0f7ad0ee9cb6b87f43d80c2b7a4ccfa') in 0.051070 seconds 
========================================================================
Received Import Request.
  Time since last request: 0.991404 seconds.
  path: Assets/Tutorial/Prefabs/TriForge Assets/Fantasy Forest Environment/Meshes/MSH_FFE_Birch_1.fbx
  artifactKey: Guid(f9e5488c5bd4fa54788b391b609d8269) Importer(815301076,1909f56bfc062723c751e8b465ee728b)
Start importing Assets/Tutorial/Prefabs/TriForge Assets/Fantasy Forest Environment/Meshes/MSH_FFE_Birch_1.fbx using Guid(f9e5488c5bd4fa54788b391b609d8269) Importer(815301076,1909f56bfc062723c751e8b465ee728b)  -> (artifact id: 'f02ead2538ce9e8b92a8de45258022b0') in 0.053710 seconds 
========================================================================
Received Import Request.
  Time since last request: 20.619961 seconds.
  path: Assets/Tutorial/Prefabs/TriForge Assets/Fantasy Forest Environment/Meshes/MSH_FFE_Birch_3.fbx
  artifactKey: Guid(e1bdeb4b7b67c98448daa0e3ab52ec89) Importer(815301076,1909f56bfc062723c751e8b465ee728b)
Start importing Assets/Tutorial/Prefabs/TriForge Assets/Fantasy Forest Environment/Meshes/MSH_FFE_Birch_3.fbx using Guid(e1bdeb4b7b67c98448daa0e3ab52ec89) Importer(815301076,1909f56bfc062723c751e8b465ee728b)  -> (artifact id: '348131594c01c193ac61d61530a14341') in 0.165720 seconds 
========================================================================
Received Import Request.
  Time since last request: 632.873192 seconds.
  path: Assets/Tutorial/Prefabs/TriForge Assets/Fantasy Forest Environment/Built-in Renderer Fantasy Forest Content.unitypackage
  artifactKey: Guid(7f0d9b98c65792247971c1b41e5c6440) Importer(815301076,1909f56bfc062723c751e8b465ee728b)
Start importing Assets/Tutorial/Prefabs/TriForge Assets/Fantasy Forest Environment/Built-in Renderer Fantasy Forest Content.unitypackage using Guid(7f0d9b98c65792247971c1b41e5c6440) Importer(815301076,1909f56bfc062723c751e8b465ee728b)  -> (artifact id: '65aff11338a32a31f49547e22cab3ffa') in 0.040626 seconds 
========================================================================
Received Import Request.
  Time since last request: 2.477048 seconds.
  path: Assets/Tutorial/Prefabs/TriForge Assets/Fantasy Forest Environment/FFE Wind Controller.prefab
  artifactKey: Guid(8b89ba8ffb93baa44ba845958e8aa2a5) Importer(815301076,1909f56bfc062723c751e8b465ee728b)
Start importing Assets/Tutorial/Prefabs/TriForge Assets/Fantasy Forest Environment/FFE Wind Controller.prefab using Guid(8b89ba8ffb93baa44ba845958e8aa2a5) Importer(815301076,1909f56bfc062723c751e8b465ee728b)  -> (artifact id: '8e0a7b0d4651b9c55e117ba2ba43e1df') in 0.046719 seconds 
========================================================================
Received Import Request.
  Time since last request: 1.904504 seconds.
  path: Assets/Tutorial/Prefabs/TriForge Assets/Fantasy Forest Environment/_ReadMe.txt
  artifactKey: Guid(5929c0064e2608642a0a1d99c2cb667e) Importer(815301076,1909f56bfc062723c751e8b465ee728b)
Start importing Assets/Tutorial/Prefabs/TriForge Assets/Fantasy Forest Environment/_ReadMe.txt using Guid(5929c0064e2608642a0a1d99c2cb667e) Importer(815301076,1909f56bfc062723c751e8b465ee728b)  -> (artifact id: '76f666dbee738d673929fe6eabc12426') in 0.107970 seconds 
========================================================================
Received Import Request.
  Time since last request: 1.426624 seconds.
  path: Assets/Tutorial/Prefabs/TriForge Assets/Fantasy Forest Environment/Textures
  artifactKey: Guid(d93a7c42c16e0764f9f564f9503de1a6) Importer(815301076,1909f56bfc062723c751e8b465ee728b)
Start importing Assets/Tutorial/Prefabs/TriForge Assets/Fantasy Forest Environment/Textures using Guid(d93a7c42c16e0764f9f564f9503de1a6) Importer(815301076,1909f56bfc062723c751e8b465ee728b)  -> (artifact id: 'e2bd0f86bbf132e2bc5ca6955bf7f788') in 0.019827 seconds 
========================================================================
Received Import Request.
  Time since last request: 1.238418 seconds.
  path: Assets/Tutorial/Prefabs/TriForge Assets/Fantasy Forest Environment/Terrain Layers
  artifactKey: Guid(97423e06b144e014195452cf8cb06c86) Importer(815301076,1909f56bfc062723c751e8b465ee728b)
Start importing Assets/Tutorial/Prefabs/TriForge Assets/Fantasy Forest Environment/Terrain Layers using Guid(97423e06b144e014195452cf8cb06c86) Importer(815301076,1909f56bfc062723c751e8b465ee728b)  -> (artifact id: '3c260190a5143c51f0b9e1efe0bb6c40') in 0.019717 seconds 
========================================================================
Received Import Request.
  Time since last request: 1.117936 seconds.
  path: Assets/Tutorial/Prefabs/TriForge Assets/Fantasy Forest Environment/Particle Effects
  artifactKey: Guid(69438ca1b8a18424082719776b2fd596) Importer(815301076,1909f56bfc062723c751e8b465ee728b)
Start importing Assets/Tutorial/Prefabs/TriForge Assets/Fantasy Forest Environment/Particle Effects using Guid(69438ca1b8a18424082719776b2fd596) Importer(815301076,1909f56bfc062723c751e8b465ee728b)  -> (artifact id: 'aa87d8ebaa5823fae49cba0e69159251') in 0.004272 seconds 
========================================================================
Received Import Request.
  Time since last request: 15.354880 seconds.
  path: Assets/Tutorial/Prefabs/TriForge Assets/Fantasy Forest Environment/Prefabs/Ground Foliage/P_FFE_Flowers_White.Prefab
  artifactKey: Guid(26edc63f4de5b244f8e50a587e12eecd) Importer(815301076,1909f56bfc062723c751e8b465ee728b)
Start importing Assets/Tutorial/Prefabs/TriForge Assets/Fantasy Forest Environment/Prefabs/Ground Foliage/P_FFE_Flowers_White.Prefab using Guid(26edc63f4de5b244f8e50a587e12eecd) Importer(815301076,1909f56bfc062723c751e8b465ee728b)  -> (artifact id: '9eaeba053562d1a551df56a3687359ce') in 0.059053 seconds 
========================================================================
Received Import Request.
  Time since last request: 1.427929 seconds.
  path: Assets/Tutorial/Prefabs/TriForge Assets/Fantasy Forest Environment/Prefabs/Ground Foliage/Autumn
  artifactKey: Guid(93eb1d29c543c9b40a08489ea06374b4) Importer(815301076,1909f56bfc062723c751e8b465ee728b)
Start importing Assets/Tutorial/Prefabs/TriForge Assets/Fantasy Forest Environment/Prefabs/Ground Foliage/Autumn using Guid(93eb1d29c543c9b40a08489ea06374b4) Importer(815301076,1909f56bfc062723c751e8b465ee728b)  -> (artifact id: '91dcfe779f5bea0167643100c5648fce') in 0.004457 seconds 
========================================================================
Received Import Request.
  Time since last request: 2.112379 seconds.
  path: Assets/Tutorial/Prefabs/TriForge Assets/Fantasy Forest Environment/Prefabs/Ground Foliage/Autumn/P_FFE_Flower_Yellow_Autumn.Prefab
  artifactKey: Guid(5309a36a648c89e449e5f1b1c0262538) Importer(815301076,1909f56bfc062723c751e8b465ee728b)
Start importing Assets/Tutorial/Prefabs/TriForge Assets/Fantasy Forest Environment/Prefabs/Ground Foliage/Autumn/P_FFE_Flower_Yellow_Autumn.Prefab using Guid(5309a36a648c89e449e5f1b1c0262538) Importer(815301076,1909f56bfc062723c751e8b465ee728b)  -> (artifact id: '010b050808bab7f9d5d92251d2a08a6d') in 0.088274 seconds 
========================================================================
Received Import Request.
  Time since last request: 0.540660 seconds.
  path: Assets/Tutorial/Prefabs/TriForge Assets/Fantasy Forest Environment/Prefabs/Ground Foliage/Autumn/P_FFE_Grass_Short_02_Autumn.Prefab
  artifactKey: Guid(e6e8c7e0d06e941429b0434245ab0a1c) Importer(815301076,1909f56bfc062723c751e8b465ee728b)
Start importing Assets/Tutorial/Prefabs/TriForge Assets/Fantasy Forest Environment/Prefabs/Ground Foliage/Autumn/P_FFE_Grass_Short_02_Autumn.Prefab using Guid(e6e8c7e0d06e941429b0434245ab0a1c) Importer(815301076,1909f56bfc062723c751e8b465ee728b)  -> (artifact id: '8f59a7fe8128c3cff8e47d931534aa96') in 0.054196 seconds 
========================================================================
Received Import Request.
  Time since last request: 0.408532 seconds.
  path: Assets/Tutorial/Prefabs/TriForge Assets/Fantasy Forest Environment/Prefabs/Ground Foliage/Autumn/P_FFE_Largebush_Autumn.Prefab
  artifactKey: Guid(2d8f78aeca4cf2048a01001e0ffce9d6) Importer(815301076,1909f56bfc062723c751e8b465ee728b)
Start importing Assets/Tutorial/Prefabs/TriForge Assets/Fantasy Forest Environment/Prefabs/Ground Foliage/Autumn/P_FFE_Largebush_Autumn.Prefab using Guid(2d8f78aeca4cf2048a01001e0ffce9d6) Importer(815301076,1909f56bfc062723c751e8b465ee728b)  -> (artifact id: '13c224d5e46d46cb6827b5a1bf2cbabe') in 0.050643 seconds 
========================================================================
Received Import Request.
  Time since last request: 9.463893 seconds.
  path: Assets/Tutorial/Prefabs/TriForge Assets/Fantasy Forest Environment/Prefabs/Trees/P_FFE_Birch_2.Prefab
  artifactKey: Guid(2a595ed4d3a58a74d818304d6aade220) Importer(815301076,1909f56bfc062723c751e8b465ee728b)
Start importing Assets/Tutorial/Prefabs/TriForge Assets/Fantasy Forest Environment/Prefabs/Trees/P_FFE_Birch_2.Prefab using Guid(2a595ed4d3a58a74d818304d6aade220) Importer(815301076,1909f56bfc062723c751e8b465ee728b)  -> (artifact id: '19f5d4abeafd9a2ed0e4d5dc692579aa') in 0.078819 seconds 
========================================================================
Received Import Request.
  Time since last request: 0.470720 seconds.
  path: Assets/Tutorial/Prefabs/TriForge Assets/Fantasy Forest Environment/Prefabs/Trees/P_FFE_Birch_1_Winter.prefab
  artifactKey: Guid(5ead3a70c78a0334c9170d12071cd270) Importer(815301076,1909f56bfc062723c751e8b465ee728b)
Start importing Assets/Tutorial/Prefabs/TriForge Assets/Fantasy Forest Environment/Prefabs/Trees/P_FFE_Birch_1_Winter.prefab using Guid(5ead3a70c78a0334c9170d12071cd270) Importer(815301076,1909f56bfc062723c751e8b465ee728b)  -> (artifact id: 'bf7fbd412b92020720800466238e3e33') in 0.338558 seconds 
========================================================================
Received Import Request.
  Time since last request: 0.317051 seconds.
  path: Assets/Tutorial/Prefabs/TriForge Assets/Fantasy Forest Environment/Prefabs/Trees/P_FFE_Birch_1_Autumn.Prefab
  artifactKey: Guid(1aefe10ca883d3d4a9fdcd65ba7ba1ef) Importer(815301076,1909f56bfc062723c751e8b465ee728b)
Start importing Assets/Tutorial/Prefabs/TriForge Assets/Fantasy Forest Environment/Prefabs/Trees/P_FFE_Birch_1_Autumn.Prefab using Guid(1aefe10ca883d3d4a9fdcd65ba7ba1ef) Importer(815301076,1909f56bfc062723c751e8b465ee728b)  -> (artifact id: 'c961b082cb3dd42b72c4b962c05b68c5') in 0.092789 seconds 
========================================================================
Received Import Request.
  Time since last request: 0.482105 seconds.
  path: Assets/Tutorial/Prefabs/TriForge Assets/Fantasy Forest Environment/Prefabs/Trees/P_FFE_Birch_3_Winter.prefab
  artifactKey: Guid(7550cb7cef66c1147a9b368bf714f721) Importer(815301076,1909f56bfc062723c751e8b465ee728b)
Start importing Assets/Tutorial/Prefabs/TriForge Assets/Fantasy Forest Environment/Prefabs/Trees/P_FFE_Birch_3_Winter.prefab using Guid(7550cb7cef66c1147a9b368bf714f721) Importer(815301076,1909f56bfc062723c751e8b465ee728b)  -> (artifact id: '8202594f09abb36206568be9b7b1843c') in 0.063399 seconds 
========================================================================
Received Import Request.
  Time since last request: 3.505259 seconds.
  path: Assets/Tutorial/Prefabs/TriForge Assets/Fantasy Forest Environment/Scenes/Water_Plane.prefab
  artifactKey: Guid(8d2d1e873eee3624483b08b43135630c) Importer(815301076,1909f56bfc062723c751e8b465ee728b)
Start importing Assets/Tutorial/Prefabs/TriForge Assets/Fantasy Forest Environment/Scenes/Water_Plane.prefab using Guid(8d2d1e873eee3624483b08b43135630c) Importer(815301076,1909f56bfc062723c751e8b465ee728b)  -> (artifact id: 'e259f8a80443610f37eb4d6c01f89f60') in 0.628115 seconds 
========================================================================
Received Import Request.
  Time since last request: 13.558278 seconds.
  path: Assets/Tutorial/Prefabs/TriForge Assets/Fantasy Forest Environment/Scenes/Water_Plane.prefab
  artifactKey: Guid(8d2d1e873eee3624483b08b43135630c) Importer(815301076,1909f56bfc062723c751e8b465ee728b)
Start importing Assets/Tutorial/Prefabs/TriForge Assets/Fantasy Forest Environment/Scenes/Water_Plane.prefab using Guid(8d2d1e873eee3624483b08b43135630c) Importer(815301076,1909f56bfc062723c751e8b465ee728b)  -> (artifact id: 'f1173eb4481688d3a0f4e10fcfb7923b') in 0.033539 seconds 
========================================================================
Received Import Request.
  Time since last request: 3.001750 seconds.
  path: Assets/Tutorial/Prefabs/TriForge Assets/Fantasy Forest Environment/Scenes/Built-in Renderer
  artifactKey: Guid(b1e0c47ddef2fd64bbeccd1b12b3d222) Importer(815301076,1909f56bfc062723c751e8b465ee728b)
Start importing Assets/Tutorial/Prefabs/TriForge Assets/Fantasy Forest Environment/Scenes/Built-in Renderer using Guid(b1e0c47ddef2fd64bbeccd1b12b3d222) Importer(815301076,1909f56bfc062723c751e8b465ee728b)  -> (artifact id: '15dbb139e0363c2f738b7aa1592f1107') in 0.020915 seconds 
========================================================================
Received Import Request.
  Time since last request: 3.364129 seconds.
  path: Assets/Tutorial/Prefabs/TriForge Assets/Fantasy Forest Environment/Scenes/Built-in Renderer/Scenes Data
  artifactKey: Guid(6832296d25ed45d4896f3f5c1cabe327) Importer(815301076,1909f56bfc062723c751e8b465ee728b)
Start importing Assets/Tutorial/Prefabs/TriForge Assets/Fantasy Forest Environment/Scenes/Built-in Renderer/Scenes Data using Guid(6832296d25ed45d4896f3f5c1cabe327) Importer(815301076,1909f56bfc062723c751e8b465ee728b)  -> (artifact id: 'ddc43959df9dd75915a4c6befa0d2685') in 0.035534 seconds 
========================================================================
Received Import Request.
  Time since last request: 0.709796 seconds.
  path: Assets/Tutorial/Prefabs/TriForge Assets/Fantasy Forest Environment/Scenes/Built-in Renderer/demo_AssetGrid.unity
  artifactKey: Guid(bfc5212b89c10b5458af96145b3d7548) Importer(815301076,1909f56bfc062723c751e8b465ee728b)
Start importing Assets/Tutorial/Prefabs/TriForge Assets/Fantasy Forest Environment/Scenes/Built-in Renderer/demo_AssetGrid.unity using Guid(bfc5212b89c10b5458af96145b3d7548) Importer(815301076,1909f56bfc062723c751e8b465ee728b)  -> (artifact id: '2020e9d9abdd2f2bc181e0f53734154e') in 0.023083 seconds 
========================================================================
Received Import Request.
  Time since last request: 0.559698 seconds.
  path: Assets/Tutorial/Prefabs/TriForge Assets/Fantasy Forest Environment/Scenes/Built-in Renderer/DemoScene_Autumn.unity
  artifactKey: Guid(19b1ed890f6784a43964951554ecb949) Importer(815301076,1909f56bfc062723c751e8b465ee728b)
Start importing Assets/Tutorial/Prefabs/TriForge Assets/Fantasy Forest Environment/Scenes/Built-in Renderer/DemoScene_Autumn.unity using Guid(19b1ed890f6784a43964951554ecb949) Importer(815301076,1909f56bfc062723c751e8b465ee728b)  -> (artifact id: 'a60944fb9c812876ee043d303a72942e') in 0.021069 seconds 
========================================================================
Received Import Request.
  Time since last request: 4.307938 seconds.
  path: Assets/Tutorial/Prefabs/TriForge Assets/Fantasy Forest Environment/Scenes/Built-in Renderer/DemoScene_Autumn_Overcast.unity
  artifactKey: Guid(1c933cf4c344c5a4d870bc90eccaa695) Importer(815301076,1909f56bfc062723c751e8b465ee728b)
Start importing Assets/Tutorial/Prefabs/TriForge Assets/Fantasy Forest Environment/Scenes/Built-in Renderer/DemoScene_Autumn_Overcast.unity using Guid(1c933cf4c344c5a4d870bc90eccaa695) Importer(815301076,1909f56bfc062723c751e8b465ee728b)  -> (artifact id: '2f85fa49cf2bfffce8941b6f41c7b594') in 0.019854 seconds 
========================================================================
Received Import Request.
  Time since last request: 0.706534 seconds.
  path: Assets/Tutorial/Prefabs/TriForge Assets/Fantasy Forest Environment/Scenes/Built-in Renderer/DemoScene_Summer.unity
  artifactKey: Guid(e1928419cd94a9041bb6b3edeffc2ded) Importer(815301076,1909f56bfc062723c751e8b465ee728b)
Start importing Assets/Tutorial/Prefabs/TriForge Assets/Fantasy Forest Environment/Scenes/Built-in Renderer/DemoScene_Summer.unity using Guid(e1928419cd94a9041bb6b3edeffc2ded) Importer(815301076,1909f56bfc062723c751e8b465ee728b)  -> (artifact id: '6223fd745a22c8463cafa5f81af42dde') in 0.030723 seconds 
========================================================================
Received Import Request.
  Time since last request: 22.932863 seconds.
  path: Assets/Tutorial/Prefabs/TriForge Assets/Fantasy Forest Environment/Scenes/Built-in Renderer/DemoScene_Winter.unity
  artifactKey: Guid(397c7259727da1b4193425e724bc25e7) Importer(815301076,1909f56bfc062723c751e8b465ee728b)
Start importing Assets/Tutorial/Prefabs/TriForge Assets/Fantasy Forest Environment/Scenes/Built-in Renderer/DemoScene_Winter.unity using Guid(397c7259727da1b4193425e724bc25e7) Importer(815301076,1909f56bfc062723c751e8b465ee728b)  -> (artifact id: '080fbeeedb1d15eb179530e529705dcf') in 0.025633 seconds 
========================================================================
Received Import Request.
  Time since last request: 444.631936 seconds.
  path: ProjectSettings/TagManager.asset
  artifactKey: Guid(00000000000000003000000000000000) Importer(815301076,1909f56bfc062723c751e8b465ee728b)
Start importing ProjectSettings/TagManager.asset using Guid(00000000000000003000000000000000) Importer(815301076,1909f56bfc062723c751e8b465ee728b)  -> (artifact id: 'e8d7d73e2f15a04f002e5e6e1f855320') in 0.029930 seconds 
========================================================================
Received Prepare
Registering precompiled user dll's ...
Registered in 0.017782 seconds.
Begin MonoManager ReloadAssembly
Symbol file LoadedFromMemory doesn't match image C:\Users\minzo\OneDrive\바탕 화면\HealingTogether\HealingTogether\Library\PackageCache\com.unity.visualscripting@1.7.6\Editor\VisualScripting.Core\Dependencies\YamlDotNet\Unity.VisualScripting.YamlDotNet.dll
Symbol file LoadedFromMemory doesn't match image C:\Users\minzo\OneDrive\바탕 화면\HealingTogether\HealingTogether\Library\PackageCache\com.unity.visualscripting@1.7.6\Editor\VisualScripting.Core\Dependencies\DotNetZip\Unity.VisualScripting.IonicZip.dll
Native extension for WindowsStandalone target not found
Native extension for Android target not found
Native extension for WebGL target not found
Refreshing native plugins compatible for Editor in 1.37 ms, found 6 plugins.
Preloading 1 native plugins for Editor in 0.24 ms.
System.Reflection.TargetInvocationException: Exception has been thrown by the target of an invocation. ---> System.NullReferenceException: Object reference not set to an instance of an object
  at Unity.XR.Oculus.OculusLoader.AssetPathToAbsolutePath (System.String assetPath) [0x0003d] in C:\Users\minzo\OneDrive\바탕 화면\HealingTogether\HealingTogether\Library\PackageCache\com.unity.xr.oculus@1.11.2\Runtime\OculusLoader.cs:250 
  at Unity.XR.Oculus.OculusLoader.EditorLoadOVRPlugin () [0x0007b] in C:\Users\minzo\OneDrive\바탕 화면\HealingTogether\HealingTogether\Library\PackageCache\com.unity.xr.oculus@1.11.2\Runtime\OculusLoader.cs:235 
  at (wrapper managed-to-native) System.Reflection.RuntimeMethodInfo.InternalInvoke(System.Reflection.RuntimeMethodInfo,object,object[],System.Exception&)
  at System.Reflection.RuntimeMethodInfo.Invoke (System.Object obj, System.Reflection.BindingFlags invokeAttr, System.Reflection.Binder binder, System.Object[] parameters, System.Globalization.CultureInfo culture) [0x0006a] in <7b935204f5ff4bcab44b3b0ebca330bf>:0 
   --- End of inner exception stack trace ---
  at System.Reflection.RuntimeMethodInfo.Invoke (System.Object obj, System.Reflection.BindingFlags invokeAttr, System.Reflection.Binder binder, System.Object[] parameters, System.Globalization.CultureInfo culture) [0x00083] in <7b935204f5ff4bcab44b3b0ebca330bf>:0 
  at System.Reflection.MethodBase.Invoke (System.Object obj, System.Object[] parameters) [0x00000] in <7b935204f5ff4bcab44b3b0ebca330bf>:0 
  at UnityEditor.EditorAssemblies.ProcessInitializeOnLoadMethodAttributes () [0x000a5] in <db8aad8fcedd4e11ba6ba696cb8802a7>:0 
UnityEngine.StackTraceUtility:ExtractStackTrace ()
UnityEngine.DebugLogHandler:LogFormat (UnityEngine.LogType,UnityEngine.Object,string,object[])
UnityEngine.Logger:Log (UnityEngine.LogType,object)
UnityEngine.Debug:LogError (object)
UnityEditor.EditorAssemblies:ProcessInitializeOnLoadMethodAttributes ()

Mono: successfully reloaded assembly
- Completed reload, in  2.700 seconds
Domain Reload Profiling:
	ReloadAssembly (2701ms)
		BeginReloadAssembly (344ms)
			ExecutionOrderSort (0ms)
			DisableScriptedObjects (12ms)
			BackupInstance (0ms)
			ReleaseScriptingObjects (0ms)
			CreateAndSetChildDomain (145ms)
		EndReloadAssembly (2206ms)
			LoadAssemblies (172ms)
			RebuildTransferFunctionScriptingTraits (0ms)
			SetupTypeCache (467ms)
			ReleaseScriptCaches (2ms)
			RebuildScriptCaches (60ms)
			SetupLoadedEditorAssemblies (1428ms)
				LogAssemblyErrors (0ms)
				InitializePlatformSupportModulesInManaged (34ms)
				SetLoadedEditorAssemblies (1ms)
				RefreshPlugins (2ms)
				BeforeProcessingInitializeOnLoad (135ms)
				ProcessInitializeOnLoadAttributes (1065ms)
				ProcessInitializeOnLoadMethodAttributes (133ms)
				AfterProcessingInitializeOnLoad (59ms)
				EditorAssembliesLoaded (0ms)
			ExecutionOrderSort2 (0ms)
			AwakeInstancesAfterBackupRestoration (19ms)
Platform modules already initialized, skipping
Refreshing native plugins compatible for Editor in 17.30 ms, found 6 plugins.
Preloading 1 native plugins for Editor in 0.21 ms.
Unloading 5822 Unused Serialized files (Serialized files now loaded: 0)
Unloading 28 unused Assets / (1.1 MB). Loaded Objects now: 6411.
Memory consumption went from 348.8 MB to 347.7 MB.
Total: 21.777700 ms (FindLiveObjects: 1.336600 ms CreateObjectMapping: 2.305800 ms MarkObjects: 17.441500 ms  DeleteObjects: 0.691200 ms)

AssetImportParameters requested are different than current active one (requested -> active):
  custom:video-decoder-ogg-theora: a1e56fd34408186e4bbccfd4996cb3dc -> 
  custom:container-muxer-webm: aa71ff27fc2769a1b78a27578f13a17b -> 
  custom:container-demuxer-webm: 4f35f7cbe854078d1ac9338744f61a02 -> 
  custom:video-encoder-webm-vp8: eb34c28f22e8b96e1ab97ce403110664 -> 
  custom:video-codec-MediaFoundation-h265: 746d11721c4dcdbdad8f713fa42b33f4 -> 
  custom:audio-encoder-webm-vorbis: bf7c407c2cedff20999df2af8eb42d56 -> 
  custom:framework-win-MediaFoundation: 216162199b28c13a410421893ffa2e32 -> 
  custom:container-demuxer-ogg: 62fdf1f143b41e24485cea50d1cbac27 -> 
  custom:video-decoder-webm-vp8: 9c59270c3fd7afecdb556c50c9e8de78 -> 
  custom:audio-decoder-ogg-vorbis: bf7c407c2cedff20999df2af8eb42d56 -> 
========================================================================
Received Import Request.
  Time since last request: 897.012733 seconds.
  path: Assets/Tutorial/Prefabs/TriForge Assets/Fantasy Forest Environment/Textures/Autumn/T_FFE_Spruce_A_Bark_Autumn.Png
  artifactKey: Guid(680f2a49c90c618468f9ed15d7a90db7) Importer(815301076,1909f56bfc062723c751e8b465ee728b)
Start importing Assets/Tutorial/Prefabs/TriForge Assets/Fantasy Forest Environment/Textures/Autumn/T_FFE_Spruce_A_Bark_Autumn.Png using Guid(680f2a49c90c618468f9ed15d7a90db7) Importer(815301076,1909f56bfc062723c751e8b465ee728b)  -> (artifact id: '2c5d218afa5bac762eae97babe123379') in 0.154525 seconds 
